#
# There is insufficient memory for the Java Runtime Environment to continue.
# Native memory allocation (malloc) failed to allocate 1469264 bytes for Chunk::new
# Possible reasons:
#   The system is out of physical RAM or swap space
#   The process is running with CompressedOops enabled, and the Java Heap may be blocking the growth of the native heap
# Possible solutions:
#   Reduce memory load on the system
#   Increase physical memory or swap space
#   Check if swap backing store is full
#   Decrease Java heap size (-Xmx/-Xms)
#   Decrease number of Java threads
#   Decrease Java thread stack sizes (-Xss)
#   Set larger code cache with -XX:ReservedCodeCacheSize=
#   JVM is running with Unscaled Compressed Oops mode in which the Java heap is
#     placed in the first 4GB address space. The Java Heap base address is the
#     maximum limit for the native heap growth. Please use -XX:HeapBaseMinAddress
#     to set the Java Heap base and to place the Java Heap above 4GB virtual address.
# This output file may be truncated or incomplete.
#
#  Out of Memory Error (arena.cpp:189), pid=9940, tid=12992
#
# JRE version: Java(TM) SE Runtime Environment (17.0.1+12) (build 17.0.1+12-LTS-39)
# Java VM: Java HotSpot(TM) 64-Bit Server VM (17.0.1+12-LTS-39, mixed mode, sharing, tiered, compressed oops, compressed class ptrs, g1 gc, windows-amd64)
# No core dump will be written. Minidumps are not enabled by default on client versions of Windows
#

---------------  S U M M A R Y ------------

Command Line: -XX:MaxMetaspaceSize=512m --add-opens=java.base/java.util=ALL-UNNAMED --add-opens=java.base/java.lang=ALL-UNNAMED --add-opens=java.base/java.lang.invoke=ALL-UNNAMED --add-opens=java.prefs/java.util.prefs=ALL-UNNAMED --add-exports=jdk.compiler/com.sun.tools.javac.api=ALL-UNNAMED --add-exports=jdk.compiler/com.sun.tools.javac.util=ALL-UNNAMED --add-opens=java.base/java.nio.charset=ALL-UNNAMED --add-opens=java.base/java.net=ALL-UNNAMED --add-opens=java.base/java.util.concurrent.atomic=ALL-UNNAMED -Xmx2048m -Dfile.encoding=utf8 -Duser.country=PH -Duser.language=en -Duser.variant -javaagent:C:\Users\Rm\.gradle\wrapper\dists\gradle-8.10.2-all\7iv73wktx1xtkvlq19urqw1wm\gradle-8.10.2\lib\agents\gradle-instrumentation-agent-8.10.2.jar org.gradle.launcher.daemon.bootstrap.GradleDaemon 8.10.2

Host: AMD Ryzen 3 3200G with Radeon Vega Graphics    , 4 cores, 13G,  Windows 10 , 64 bit Build 26100 (10.0.26100.2454)
Time: Thu Jan 30 09:43:32 2025 Malay Peninsula Standard Time elapsed time: 5.917583 seconds (0d 0h 0m 5s)

---------------  T H R E A D  ---------------

Current thread (0x000002737a111700):  JavaThread "C2 CompilerThread0" daemon [_thread_in_native, id=12992, stack(0x0000008c01000000,0x0000008c01100000)]


Current CompileTask:
C2:   5917 2420   !   4       java.net.URLClassLoader::findClass (47 bytes)

Stack: [0x0000008c01000000,0x0000008c01100000]
Native frames: (J=compiled Java code, j=interpreted, Vv=VM code, C=native code)
V  [jvm.dll+0x66fa1a]
V  [jvm.dll+0x7ce5a4]
V  [jvm.dll+0x7cfd4e]
V  [jvm.dll+0x7d03b3]
V  [jvm.dll+0x242b05]
V  [jvm.dll+0xaa05b]
V  [jvm.dll+0xaa5ec]
V  [jvm.dll+0x35fa07]
V  [jvm.dll+0x1b9732]
V  [jvm.dll+0x215d49]
V  [jvm.dll+0x215011]
V  [jvm.dll+0x1a168d]
V  [jvm.dll+0x224848]
V  [jvm.dll+0x2229ac]
V  [jvm.dll+0x78435b]
V  [jvm.dll+0x77e91a]
V  [jvm.dll+0x66e845]
C  [ucrtbase.dll+0x14ea0]
C  [KERNEL32.DLL+0x2e8d7]
C  [ntdll.dll+0xdfbcc]


---------------  P R O C E S S  ---------------

Threads class SMR info:
_java_thread_list=0x000002737d36b660, length=25, elements={
0x000002735a844600, 0x000002737a0e6390, 0x000002737a0e6c50, 0x000002737a0fe4a0,
0x000002737a0fed60, 0x000002737a101a30, 0x000002737a1022f0, 0x000002737a111700,
0x000002737a139c30, 0x000002737a14a120, 0x000002737a0cbbe0, 0x000002737adfe110,
0x000002737c51bbc0, 0x000002737c62c060, 0x000002737c657f50, 0x000002737c66cfb0,
0x000002737c802a20, 0x000002737c824830, 0x000002737c84c440, 0x000002737c7bd950,
0x000002737c7bec90, 0x000002737c7c0970, 0x000002737c7be7c0, 0x000002737c7be2f0,
0x000002737c7bf160
}

Java Threads: ( => current thread )
  0x000002735a844600 JavaThread "main" [_thread_blocked, id=17256, stack(0x0000008c00300000,0x0000008c00400000)]
  0x000002737a0e6390 JavaThread "Reference Handler" daemon [_thread_blocked, id=18316, stack(0x0000008c00a00000,0x0000008c00b00000)]
  0x000002737a0e6c50 JavaThread "Finalizer" daemon [_thread_blocked, id=18072, stack(0x0000008c00b00000,0x0000008c00c00000)]
  0x000002737a0fe4a0 JavaThread "Signal Dispatcher" daemon [_thread_blocked, id=17116, stack(0x0000008c00c00000,0x0000008c00d00000)]
  0x000002737a0fed60 JavaThread "Attach Listener" daemon [_thread_blocked, id=7752, stack(0x0000008c00d00000,0x0000008c00e00000)]
  0x000002737a101a30 JavaThread "Service Thread" daemon [_thread_blocked, id=19056, stack(0x0000008c00e00000,0x0000008c00f00000)]
  0x000002737a1022f0 JavaThread "Monitor Deflation Thread" daemon [_thread_blocked, id=3412, stack(0x0000008c00f00000,0x0000008c01000000)]
=>0x000002737a111700 JavaThread "C2 CompilerThread0" daemon [_thread_in_native, id=12992, stack(0x0000008c01000000,0x0000008c01100000)]
  0x000002737a139c30 JavaThread "C1 CompilerThread0" daemon [_thread_blocked, id=17440, stack(0x0000008c01100000,0x0000008c01200000)]
  0x000002737a14a120 JavaThread "Sweeper thread" daemon [_thread_blocked, id=18976, stack(0x0000008c01200000,0x0000008c01300000)]
  0x000002737a0cbbe0 JavaThread "Common-Cleaner" daemon [_thread_blocked, id=12200, stack(0x0000008c01300000,0x0000008c01400000)]
  0x000002737adfe110 JavaThread "Notification Thread" daemon [_thread_blocked, id=12436, stack(0x0000008c01400000,0x0000008c01500000)]
  0x000002737c51bbc0 JavaThread "Daemon health stats" [_thread_blocked, id=15720, stack(0x0000008c01900000,0x0000008c01a00000)]
  0x000002737c62c060 JavaThread "Incoming local TCP Connector on port 63333" [_thread_in_native, id=10708, stack(0x0000008c01b00000,0x0000008c01c00000)]
  0x000002737c657f50 JavaThread "Daemon periodic checks" [_thread_blocked, id=12300, stack(0x0000008c01c00000,0x0000008c01d00000)]
  0x000002737c66cfb0 JavaThread "Daemon" [_thread_blocked, id=6716, stack(0x0000008c01d00000,0x0000008c01e00000)]
  0x000002737c802a20 JavaThread "Handler for socket connection from /127.0.0.1:63333 to /127.0.0.1:63335" [_thread_in_native, id=19316, stack(0x0000008c01e00000,0x0000008c01f00000)]
  0x000002737c824830 JavaThread "Cancel handler" [_thread_blocked, id=16408, stack(0x0000008c01f00000,0x0000008c02000000)]
  0x000002737c84c440 JavaThread "Daemon worker" [_thread_in_native, id=13716, stack(0x0000008c02000000,0x0000008c02100000)]
  0x000002737c7bd950 JavaThread "Asynchronous log dispatcher for DefaultDaemonConnection: socket connection from /127.0.0.1:63333 to /127.0.0.1:63335" [_thread_blocked, id=1664, stack(0x0000008c02100000,0x0000008c02200000)]
  0x000002737c7bec90 JavaThread "Stdin handler" [_thread_blocked, id=18692, stack(0x0000008c02200000,0x0000008c02300000)]
  0x000002737c7c0970 JavaThread "Daemon client event forwarder" [_thread_blocked, id=18940, stack(0x0000008c02300000,0x0000008c02400000)]
  0x000002737c7be7c0 JavaThread "Cache worker for journal cache (C:\Users\Rm\.gradle\caches\journal-1)" [_thread_blocked, id=9088, stack(0x0000008c02400000,0x0000008c02500000)]
  0x000002737c7be2f0 JavaThread "File lock request listener" [_thread_in_native, id=6820, stack(0x0000008c02500000,0x0000008c02600000)]
  0x000002737c7bf160 JavaThread "Cache worker for file hash cache (C:\Users\Rm\.gradle\caches\8.10.2\fileHashes)" [_thread_blocked, id=1248, stack(0x0000008c02600000,0x0000008c02700000)]

Other Threads:
  0x000002737a0d9a30 VMThread "VM Thread" [stack: 0x0000008c00900000,0x0000008c00a00000] [id=12856]
  0x000002735a845120 WatcherThread [stack: 0x0000008c01500000,0x0000008c01600000] [id=13064]
  0x000002735a885ac0 GCTaskThread "GC Thread#0" [stack: 0x0000008c00400000,0x0000008c00500000] [id=8920]
  0x000002737ae57920 GCTaskThread "GC Thread#1" [stack: 0x0000008c01600000,0x0000008c01700000] [id=11464]
  0x000002737affe8a0 GCTaskThread "GC Thread#2" [stack: 0x0000008c01700000,0x0000008c01800000] [id=8928]
  0x000002737affeb50 GCTaskThread "GC Thread#3" [stack: 0x0000008c01800000,0x0000008c01900000] [id=16728]
  0x000002735a8975e0 ConcurrentGCThread "G1 Main Marker" [stack: 0x0000008c00500000,0x0000008c00600000] [id=13208]
  0x000002735a8986a0 ConcurrentGCThread "G1 Conc#0" [stack: 0x0000008c00600000,0x0000008c00700000] [id=9136]
  0x000002735a90ebc0 ConcurrentGCThread "G1 Refine#0" [stack: 0x0000008c00700000,0x0000008c00800000] [id=13304]
  0x000002737bc53f90 ConcurrentGCThread "G1 Refine#1" [stack: 0x0000008c01a00000,0x0000008c01b00000] [id=7064]
  0x0000027379f92a20 ConcurrentGCThread "G1 Service" [stack: 0x0000008c00800000,0x0000008c00900000] [id=8800]

Threads with active compile tasks:
C2 CompilerThread0     5955 2420   !   4       java.net.URLClassLoader::findClass (47 bytes)

VM state: not at safepoint (normal execution)

VM Mutex/Monitor currently owned by a thread: None

Heap address: 0x0000000080000000, size: 2048 MB, Compressed Oops mode: 32-bit

CDS archive(s) mapped at: [0x0000000800000000-0x0000000800bc0000-0x0000000800bc0000), size 12320768, SharedBaseAddress: 0x0000000800000000, ArchiveRelocationMode: 0.
Compressed class space mapped at: 0x0000000800c00000-0x000000081a800000, reserved size: 432013312
Narrow klass base: 0x0000000800000000, Narrow klass shift: 0, Narrow klass range: 0x100000000

GC Precious Log:
 CPUs: 4 total, 4 available
 Memory: 14257M
 Large Page Support: Disabled
 NUMA Support: Disabled
 Compressed Oops: Enabled (32-bit)
 Heap Region Size: 1M
 Heap Min Capacity: 8M
 Heap Initial Capacity: 224M
 Heap Max Capacity: 2G
 Pre-touch: Disabled
 Parallel Workers: 4
 Concurrent Workers: 1
 Concurrent Refinement Workers: 4
 Periodic GC: Disabled

Heap:
 garbage-first heap   total 229376K, used 42723K [0x0000000080000000, 0x0000000100000000)
  region size 1024K, 35 young (35840K), 13 survivors (13312K)
 Metaspace       used 17936K, committed 18176K, reserved 438272K
  class space    used 2576K, committed 2688K, reserved 421888K

Heap Regions: E=young(eden), S=young(survivor), O=old, HS=humongous(starts), HC=humongous(continues), CS=collection set, F=free, OA=open archive, CA=closed archive, TAMS=top-at-mark-start (previous, next)
|   0|0x0000000080000000, 0x0000000080100000, 0x0000000080100000|100%|HS|  |TAMS 0x0000000080000000, 0x0000000080000000| Complete 
|   1|0x0000000080100000, 0x0000000080200000, 0x0000000080200000|100%|HC|  |TAMS 0x0000000080100000, 0x0000000080100000| Complete 
|   2|0x0000000080200000, 0x0000000080300000, 0x0000000080300000|100%|HC|  |TAMS 0x0000000080200000, 0x0000000080200000| Complete 
|   3|0x0000000080300000, 0x0000000080400000, 0x0000000080400000|100%|HC|  |TAMS 0x0000000080300000, 0x0000000080300000| Complete 
|   4|0x0000000080400000, 0x0000000080500000, 0x0000000080500000|100%| O|  |TAMS 0x0000000080400000, 0x0000000080400000| Untracked 
|   5|0x0000000080500000, 0x0000000080600000, 0x0000000080600000|100%| O|  |TAMS 0x0000000080500000, 0x0000000080500000| Untracked 
|   6|0x0000000080600000, 0x0000000080700000, 0x0000000080700000|100%| O|  |TAMS 0x0000000080600000, 0x0000000080600000| Untracked 
|   7|0x0000000080700000, 0x0000000080759200, 0x0000000080800000| 34%| O|  |TAMS 0x0000000080700000, 0x0000000080700000| Untracked 
|   8|0x0000000080800000, 0x0000000080900000, 0x0000000080900000|100%|HS|  |TAMS 0x0000000080800000, 0x0000000080800000| Complete 
|   9|0x0000000080900000, 0x0000000080900000, 0x0000000080a00000|  0%| F|  |TAMS 0x0000000080900000, 0x0000000080900000| Untracked 
|  10|0x0000000080a00000, 0x0000000080a00000, 0x0000000080b00000|  0%| F|  |TAMS 0x0000000080a00000, 0x0000000080a00000| Untracked 
|  11|0x0000000080b00000, 0x0000000080b00000, 0x0000000080c00000|  0%| F|  |TAMS 0x0000000080b00000, 0x0000000080b00000| Untracked 
|  12|0x0000000080c00000, 0x0000000080c00000, 0x0000000080d00000|  0%| F|  |TAMS 0x0000000080c00000, 0x0000000080c00000| Untracked 
|  13|0x0000000080d00000, 0x0000000080d00000, 0x0000000080e00000|  0%| F|  |TAMS 0x0000000080d00000, 0x0000000080d00000| Untracked 
|  14|0x0000000080e00000, 0x0000000080e00000, 0x0000000080f00000|  0%| F|  |TAMS 0x0000000080e00000, 0x0000000080e00000| Untracked 
|  15|0x0000000080f00000, 0x0000000080f00000, 0x0000000081000000|  0%| F|  |TAMS 0x0000000080f00000, 0x0000000080f00000| Untracked 
|  16|0x0000000081000000, 0x0000000081000000, 0x0000000081100000|  0%| F|  |TAMS 0x0000000081000000, 0x0000000081000000| Untracked 
|  17|0x0000000081100000, 0x0000000081100000, 0x0000000081200000|  0%| F|  |TAMS 0x0000000081100000, 0x0000000081100000| Untracked 
|  18|0x0000000081200000, 0x0000000081200000, 0x0000000081300000|  0%| F|  |TAMS 0x0000000081200000, 0x0000000081200000| Untracked 
|  19|0x0000000081300000, 0x0000000081300000, 0x0000000081400000|  0%| F|  |TAMS 0x0000000081300000, 0x0000000081300000| Untracked 
|  20|0x0000000081400000, 0x0000000081400000, 0x0000000081500000|  0%| F|  |TAMS 0x0000000081400000, 0x0000000081400000| Untracked 
|  21|0x0000000081500000, 0x0000000081500000, 0x0000000081600000|  0%| F|  |TAMS 0x0000000081500000, 0x0000000081500000| Untracked 
|  22|0x0000000081600000, 0x0000000081600000, 0x0000000081700000|  0%| F|  |TAMS 0x0000000081600000, 0x0000000081600000| Untracked 
|  23|0x0000000081700000, 0x0000000081700000, 0x0000000081800000|  0%| F|  |TAMS 0x0000000081700000, 0x0000000081700000| Untracked 
|  24|0x0000000081800000, 0x0000000081800000, 0x0000000081900000|  0%| F|  |TAMS 0x0000000081800000, 0x0000000081800000| Untracked 
|  25|0x0000000081900000, 0x0000000081900000, 0x0000000081a00000|  0%| F|  |TAMS 0x0000000081900000, 0x0000000081900000| Untracked 
|  26|0x0000000081a00000, 0x0000000081a00000, 0x0000000081b00000|  0%| F|  |TAMS 0x0000000081a00000, 0x0000000081a00000| Untracked 
|  27|0x0000000081b00000, 0x0000000081b00000, 0x0000000081c00000|  0%| F|  |TAMS 0x0000000081b00000, 0x0000000081b00000| Untracked 
|  28|0x0000000081c00000, 0x0000000081c00000, 0x0000000081d00000|  0%| F|  |TAMS 0x0000000081c00000, 0x0000000081c00000| Untracked 
|  29|0x0000000081d00000, 0x0000000081d00000, 0x0000000081e00000|  0%| F|  |TAMS 0x0000000081d00000, 0x0000000081d00000| Untracked 
|  30|0x0000000081e00000, 0x0000000081e00000, 0x0000000081f00000|  0%| F|  |TAMS 0x0000000081e00000, 0x0000000081e00000| Untracked 
|  31|0x0000000081f00000, 0x0000000081f00000, 0x0000000082000000|  0%| F|  |TAMS 0x0000000081f00000, 0x0000000081f00000| Untracked 
|  32|0x0000000082000000, 0x0000000082000000, 0x0000000082100000|  0%| F|  |TAMS 0x0000000082000000, 0x0000000082000000| Untracked 
|  33|0x0000000082100000, 0x0000000082100000, 0x0000000082200000|  0%| F|  |TAMS 0x0000000082100000, 0x0000000082100000| Untracked 
|  34|0x0000000082200000, 0x0000000082200000, 0x0000000082300000|  0%| F|  |TAMS 0x0000000082200000, 0x0000000082200000| Untracked 
|  35|0x0000000082300000, 0x0000000082300000, 0x0000000082400000|  0%| F|  |TAMS 0x0000000082300000, 0x0000000082300000| Untracked 
|  36|0x0000000082400000, 0x0000000082400000, 0x0000000082500000|  0%| F|  |TAMS 0x0000000082400000, 0x0000000082400000| Untracked 
|  37|0x0000000082500000, 0x0000000082500000, 0x0000000082600000|  0%| F|  |TAMS 0x0000000082500000, 0x0000000082500000| Untracked 
|  38|0x0000000082600000, 0x0000000082600000, 0x0000000082700000|  0%| F|  |TAMS 0x0000000082600000, 0x0000000082600000| Untracked 
|  39|0x0000000082700000, 0x0000000082700000, 0x0000000082800000|  0%| F|  |TAMS 0x0000000082700000, 0x0000000082700000| Untracked 
|  40|0x0000000082800000, 0x0000000082800000, 0x0000000082900000|  0%| F|  |TAMS 0x0000000082800000, 0x0000000082800000| Untracked 
|  41|0x0000000082900000, 0x0000000082900000, 0x0000000082a00000|  0%| F|  |TAMS 0x0000000082900000, 0x0000000082900000| Untracked 
|  42|0x0000000082a00000, 0x0000000082a00000, 0x0000000082b00000|  0%| F|  |TAMS 0x0000000082a00000, 0x0000000082a00000| Untracked 
|  43|0x0000000082b00000, 0x0000000082b00000, 0x0000000082c00000|  0%| F|  |TAMS 0x0000000082b00000, 0x0000000082b00000| Untracked 
|  44|0x0000000082c00000, 0x0000000082c00000, 0x0000000082d00000|  0%| F|  |TAMS 0x0000000082c00000, 0x0000000082c00000| Untracked 
|  45|0x0000000082d00000, 0x0000000082d00000, 0x0000000082e00000|  0%| F|  |TAMS 0x0000000082d00000, 0x0000000082d00000| Untracked 
|  46|0x0000000082e00000, 0x0000000082e00000, 0x0000000082f00000|  0%| F|  |TAMS 0x0000000082e00000, 0x0000000082e00000| Untracked 
|  47|0x0000000082f00000, 0x0000000082f00000, 0x0000000083000000|  0%| F|  |TAMS 0x0000000082f00000, 0x0000000082f00000| Untracked 
|  48|0x0000000083000000, 0x0000000083000000, 0x0000000083100000|  0%| F|  |TAMS 0x0000000083000000, 0x0000000083000000| Untracked 
|  49|0x0000000083100000, 0x0000000083100000, 0x0000000083200000|  0%| F|  |TAMS 0x0000000083100000, 0x0000000083100000| Untracked 
|  50|0x0000000083200000, 0x0000000083200000, 0x0000000083300000|  0%| F|  |TAMS 0x0000000083200000, 0x0000000083200000| Untracked 
|  51|0x0000000083300000, 0x0000000083300000, 0x0000000083400000|  0%| F|  |TAMS 0x0000000083300000, 0x0000000083300000| Untracked 
|  52|0x0000000083400000, 0x0000000083400000, 0x0000000083500000|  0%| F|  |TAMS 0x0000000083400000, 0x0000000083400000| Untracked 
|  53|0x0000000083500000, 0x0000000083500000, 0x0000000083600000|  0%| F|  |TAMS 0x0000000083500000, 0x0000000083500000| Untracked 
|  54|0x0000000083600000, 0x0000000083600000, 0x0000000083700000|  0%| F|  |TAMS 0x0000000083600000, 0x0000000083600000| Untracked 
|  55|0x0000000083700000, 0x0000000083700000, 0x0000000083800000|  0%| F|  |TAMS 0x0000000083700000, 0x0000000083700000| Untracked 
|  56|0x0000000083800000, 0x0000000083800000, 0x0000000083900000|  0%| F|  |TAMS 0x0000000083800000, 0x0000000083800000| Untracked 
|  57|0x0000000083900000, 0x0000000083900000, 0x0000000083a00000|  0%| F|  |TAMS 0x0000000083900000, 0x0000000083900000| Untracked 
|  58|0x0000000083a00000, 0x0000000083a00000, 0x0000000083b00000|  0%| F|  |TAMS 0x0000000083a00000, 0x0000000083a00000| Untracked 
|  59|0x0000000083b00000, 0x0000000083b00000, 0x0000000083c00000|  0%| F|  |TAMS 0x0000000083b00000, 0x0000000083b00000| Untracked 
|  60|0x0000000083c00000, 0x0000000083c00000, 0x0000000083d00000|  0%| F|  |TAMS 0x0000000083c00000, 0x0000000083c00000| Untracked 
|  61|0x0000000083d00000, 0x0000000083d00000, 0x0000000083e00000|  0%| F|  |TAMS 0x0000000083d00000, 0x0000000083d00000| Untracked 
|  62|0x0000000083e00000, 0x0000000083e00000, 0x0000000083f00000|  0%| F|  |TAMS 0x0000000083e00000, 0x0000000083e00000| Untracked 
|  63|0x0000000083f00000, 0x0000000083f00000, 0x0000000084000000|  0%| F|  |TAMS 0x0000000083f00000, 0x0000000083f00000| Untracked 
|  64|0x0000000084000000, 0x0000000084000000, 0x0000000084100000|  0%| F|  |TAMS 0x0000000084000000, 0x0000000084000000| Untracked 
|  65|0x0000000084100000, 0x0000000084100000, 0x0000000084200000|  0%| F|  |TAMS 0x0000000084100000, 0x0000000084100000| Untracked 
|  66|0x0000000084200000, 0x0000000084200000, 0x0000000084300000|  0%| F|  |TAMS 0x0000000084200000, 0x0000000084200000| Untracked 
|  67|0x0000000084300000, 0x0000000084300000, 0x0000000084400000|  0%| F|  |TAMS 0x0000000084300000, 0x0000000084300000| Untracked 
|  68|0x0000000084400000, 0x0000000084400000, 0x0000000084500000|  0%| F|  |TAMS 0x0000000084400000, 0x0000000084400000| Untracked 
|  69|0x0000000084500000, 0x0000000084500000, 0x0000000084600000|  0%| F|  |TAMS 0x0000000084500000, 0x0000000084500000| Untracked 
|  70|0x0000000084600000, 0x0000000084600000, 0x0000000084700000|  0%| F|  |TAMS 0x0000000084600000, 0x0000000084600000| Untracked 
|  71|0x0000000084700000, 0x0000000084700000, 0x0000000084800000|  0%| F|  |TAMS 0x0000000084700000, 0x0000000084700000| Untracked 
|  72|0x0000000084800000, 0x0000000084800000, 0x0000000084900000|  0%| F|  |TAMS 0x0000000084800000, 0x0000000084800000| Untracked 
|  73|0x0000000084900000, 0x0000000084900000, 0x0000000084a00000|  0%| F|  |TAMS 0x0000000084900000, 0x0000000084900000| Untracked 
|  74|0x0000000084a00000, 0x0000000084a00000, 0x0000000084b00000|  0%| F|  |TAMS 0x0000000084a00000, 0x0000000084a00000| Untracked 
|  75|0x0000000084b00000, 0x0000000084b00000, 0x0000000084c00000|  0%| F|  |TAMS 0x0000000084b00000, 0x0000000084b00000| Untracked 
|  76|0x0000000084c00000, 0x0000000084c00000, 0x0000000084d00000|  0%| F|  |TAMS 0x0000000084c00000, 0x0000000084c00000| Untracked 
|  77|0x0000000084d00000, 0x0000000084d5fb40, 0x0000000084e00000| 37%| S|CS|TAMS 0x0000000084d00000, 0x0000000084d00000| Complete 
|  78|0x0000000084e00000, 0x0000000084f00000, 0x0000000084f00000|100%| S|CS|TAMS 0x0000000084e00000, 0x0000000084e00000| Complete 
|  79|0x0000000084f00000, 0x0000000085000000, 0x0000000085000000|100%| S|CS|TAMS 0x0000000084f00000, 0x0000000084f00000| Complete 
|  80|0x0000000085000000, 0x0000000085100000, 0x0000000085100000|100%| S|CS|TAMS 0x0000000085000000, 0x0000000085000000| Complete 
|  81|0x0000000085100000, 0x0000000085200000, 0x0000000085200000|100%| S|CS|TAMS 0x0000000085100000, 0x0000000085100000| Complete 
|  82|0x0000000085200000, 0x0000000085300000, 0x0000000085300000|100%| S|CS|TAMS 0x0000000085200000, 0x0000000085200000| Complete 
|  83|0x0000000085300000, 0x0000000085400000, 0x0000000085400000|100%| S|CS|TAMS 0x0000000085300000, 0x0000000085300000| Complete 
|  84|0x0000000085400000, 0x0000000085500000, 0x0000000085500000|100%| S|CS|TAMS 0x0000000085400000, 0x0000000085400000| Complete 
|  85|0x0000000085500000, 0x0000000085600000, 0x0000000085600000|100%| S|CS|TAMS 0x0000000085500000, 0x0000000085500000| Complete 
|  86|0x0000000085600000, 0x0000000085700000, 0x0000000085700000|100%| S|CS|TAMS 0x0000000085600000, 0x0000000085600000| Complete 
|  87|0x0000000085700000, 0x0000000085800000, 0x0000000085800000|100%| S|CS|TAMS 0x0000000085700000, 0x0000000085700000| Complete 
|  88|0x0000000085800000, 0x0000000085900000, 0x0000000085900000|100%| S|CS|TAMS 0x0000000085800000, 0x0000000085800000| Complete 
|  89|0x0000000085900000, 0x0000000085a00000, 0x0000000085a00000|100%| S|CS|TAMS 0x0000000085900000, 0x0000000085900000| Complete 
|  90|0x0000000085a00000, 0x0000000085a00000, 0x0000000085b00000|  0%| F|  |TAMS 0x0000000085a00000, 0x0000000085a00000| Untracked 
|  91|0x0000000085b00000, 0x0000000085b00000, 0x0000000085c00000|  0%| F|  |TAMS 0x0000000085b00000, 0x0000000085b00000| Untracked 
|  92|0x0000000085c00000, 0x0000000085c00000, 0x0000000085d00000|  0%| F|  |TAMS 0x0000000085c00000, 0x0000000085c00000| Untracked 
|  93|0x0000000085d00000, 0x0000000085d00000, 0x0000000085e00000|  0%| F|  |TAMS 0x0000000085d00000, 0x0000000085d00000| Untracked 
|  94|0x0000000085e00000, 0x0000000085e00000, 0x0000000085f00000|  0%| F|  |TAMS 0x0000000085e00000, 0x0000000085e00000| Untracked 
|  95|0x0000000085f00000, 0x0000000085f00000, 0x0000000086000000|  0%| F|  |TAMS 0x0000000085f00000, 0x0000000085f00000| Untracked 
|  96|0x0000000086000000, 0x0000000086000000, 0x0000000086100000|  0%| F|  |TAMS 0x0000000086000000, 0x0000000086000000| Untracked 
|  97|0x0000000086100000, 0x0000000086100000, 0x0000000086200000|  0%| F|  |TAMS 0x0000000086100000, 0x0000000086100000| Untracked 
|  98|0x0000000086200000, 0x0000000086200000, 0x0000000086300000|  0%| F|  |TAMS 0x0000000086200000, 0x0000000086200000| Untracked 
|  99|0x0000000086300000, 0x0000000086300000, 0x0000000086400000|  0%| F|  |TAMS 0x0000000086300000, 0x0000000086300000| Untracked 
| 100|0x0000000086400000, 0x0000000086400000, 0x0000000086500000|  0%| F|  |TAMS 0x0000000086400000, 0x0000000086400000| Untracked 
| 101|0x0000000086500000, 0x0000000086500000, 0x0000000086600000|  0%| F|  |TAMS 0x0000000086500000, 0x0000000086500000| Untracked 
| 102|0x0000000086600000, 0x0000000086600000, 0x0000000086700000|  0%| F|  |TAMS 0x0000000086600000, 0x0000000086600000| Untracked 
| 103|0x0000000086700000, 0x0000000086700000, 0x0000000086800000|  0%| F|  |TAMS 0x0000000086700000, 0x0000000086700000| Untracked 
| 104|0x0000000086800000, 0x0000000086800000, 0x0000000086900000|  0%| F|  |TAMS 0x0000000086800000, 0x0000000086800000| Untracked 
| 105|0x0000000086900000, 0x0000000086900000, 0x0000000086a00000|  0%| F|  |TAMS 0x0000000086900000, 0x0000000086900000| Untracked 
| 106|0x0000000086a00000, 0x0000000086a00000, 0x0000000086b00000|  0%| F|  |TAMS 0x0000000086a00000, 0x0000000086a00000| Untracked 
| 107|0x0000000086b00000, 0x0000000086b00000, 0x0000000086c00000|  0%| F|  |TAMS 0x0000000086b00000, 0x0000000086b00000| Untracked 
| 108|0x0000000086c00000, 0x0000000086c00000, 0x0000000086d00000|  0%| F|  |TAMS 0x0000000086c00000, 0x0000000086c00000| Untracked 
| 109|0x0000000086d00000, 0x0000000086d00000, 0x0000000086e00000|  0%| F|  |TAMS 0x0000000086d00000, 0x0000000086d00000| Untracked 
| 110|0x0000000086e00000, 0x0000000086e00000, 0x0000000086f00000|  0%| F|  |TAMS 0x0000000086e00000, 0x0000000086e00000| Untracked 
| 111|0x0000000086f00000, 0x0000000086f00000, 0x0000000087000000|  0%| F|  |TAMS 0x0000000086f00000, 0x0000000086f00000| Untracked 
| 112|0x0000000087000000, 0x0000000087000000, 0x0000000087100000|  0%| F|  |TAMS 0x0000000087000000, 0x0000000087000000| Untracked 
| 113|0x0000000087100000, 0x0000000087100000, 0x0000000087200000|  0%| F|  |TAMS 0x0000000087100000, 0x0000000087100000| Untracked 
| 114|0x0000000087200000, 0x0000000087200000, 0x0000000087300000|  0%| F|  |TAMS 0x0000000087200000, 0x0000000087200000| Untracked 
| 115|0x0000000087300000, 0x0000000087300000, 0x0000000087400000|  0%| F|  |TAMS 0x0000000087300000, 0x0000000087300000| Untracked 
| 116|0x0000000087400000, 0x0000000087400000, 0x0000000087500000|  0%| F|  |TAMS 0x0000000087400000, 0x0000000087400000| Untracked 
| 117|0x0000000087500000, 0x0000000087500000, 0x0000000087600000|  0%| F|  |TAMS 0x0000000087500000, 0x0000000087500000| Untracked 
| 118|0x0000000087600000, 0x0000000087600000, 0x0000000087700000|  0%| F|  |TAMS 0x0000000087600000, 0x0000000087600000| Untracked 
| 119|0x0000000087700000, 0x0000000087700000, 0x0000000087800000|  0%| F|  |TAMS 0x0000000087700000, 0x0000000087700000| Untracked 
| 120|0x0000000087800000, 0x0000000087800000, 0x0000000087900000|  0%| F|  |TAMS 0x0000000087800000, 0x0000000087800000| Untracked 
| 121|0x0000000087900000, 0x0000000087900000, 0x0000000087a00000|  0%| F|  |TAMS 0x0000000087900000, 0x0000000087900000| Untracked 
| 122|0x0000000087a00000, 0x0000000087a00000, 0x0000000087b00000|  0%| F|  |TAMS 0x0000000087a00000, 0x0000000087a00000| Untracked 
| 123|0x0000000087b00000, 0x0000000087b00000, 0x0000000087c00000|  0%| F|  |TAMS 0x0000000087b00000, 0x0000000087b00000| Untracked 
| 124|0x0000000087c00000, 0x0000000087c00000, 0x0000000087d00000|  0%| F|  |TAMS 0x0000000087c00000, 0x0000000087c00000| Untracked 
| 125|0x0000000087d00000, 0x0000000087d00000, 0x0000000087e00000|  0%| F|  |TAMS 0x0000000087d00000, 0x0000000087d00000| Untracked 
| 126|0x0000000087e00000, 0x0000000087e00000, 0x0000000087f00000|  0%| F|  |TAMS 0x0000000087e00000, 0x0000000087e00000| Untracked 
| 127|0x0000000087f00000, 0x0000000087f00000, 0x0000000088000000|  0%| F|  |TAMS 0x0000000087f00000, 0x0000000087f00000| Untracked 
| 128|0x0000000088000000, 0x0000000088000000, 0x0000000088100000|  0%| F|  |TAMS 0x0000000088000000, 0x0000000088000000| Untracked 
| 129|0x0000000088100000, 0x0000000088100000, 0x0000000088200000|  0%| F|  |TAMS 0x0000000088100000, 0x0000000088100000| Untracked 
| 130|0x0000000088200000, 0x0000000088200000, 0x0000000088300000|  0%| F|  |TAMS 0x0000000088200000, 0x0000000088200000| Untracked 
| 131|0x0000000088300000, 0x0000000088300000, 0x0000000088400000|  0%| F|  |TAMS 0x0000000088300000, 0x0000000088300000| Untracked 
| 132|0x0000000088400000, 0x0000000088400000, 0x0000000088500000|  0%| F|  |TAMS 0x0000000088400000, 0x0000000088400000| Untracked 
| 133|0x0000000088500000, 0x0000000088500000, 0x0000000088600000|  0%| F|  |TAMS 0x0000000088500000, 0x0000000088500000| Untracked 
| 134|0x0000000088600000, 0x0000000088600000, 0x0000000088700000|  0%| F|  |TAMS 0x0000000088600000, 0x0000000088600000| Untracked 
| 135|0x0000000088700000, 0x0000000088700000, 0x0000000088800000|  0%| F|  |TAMS 0x0000000088700000, 0x0000000088700000| Untracked 
| 136|0x0000000088800000, 0x0000000088800000, 0x0000000088900000|  0%| F|  |TAMS 0x0000000088800000, 0x0000000088800000| Untracked 
| 137|0x0000000088900000, 0x0000000088900000, 0x0000000088a00000|  0%| F|  |TAMS 0x0000000088900000, 0x0000000088900000| Untracked 
| 138|0x0000000088a00000, 0x0000000088a00000, 0x0000000088b00000|  0%| F|  |TAMS 0x0000000088a00000, 0x0000000088a00000| Untracked 
| 139|0x0000000088b00000, 0x0000000088b00000, 0x0000000088c00000|  0%| F|  |TAMS 0x0000000088b00000, 0x0000000088b00000| Untracked 
| 140|0x0000000088c00000, 0x0000000088c00000, 0x0000000088d00000|  0%| F|  |TAMS 0x0000000088c00000, 0x0000000088c00000| Untracked 
| 141|0x0000000088d00000, 0x0000000088d00000, 0x0000000088e00000|  0%| F|  |TAMS 0x0000000088d00000, 0x0000000088d00000| Untracked 
| 142|0x0000000088e00000, 0x0000000088e00000, 0x0000000088f00000|  0%| F|  |TAMS 0x0000000088e00000, 0x0000000088e00000| Untracked 
| 143|0x0000000088f00000, 0x0000000088f00000, 0x0000000089000000|  0%| F|  |TAMS 0x0000000088f00000, 0x0000000088f00000| Untracked 
| 144|0x0000000089000000, 0x0000000089000000, 0x0000000089100000|  0%| F|  |TAMS 0x0000000089000000, 0x0000000089000000| Untracked 
| 145|0x0000000089100000, 0x0000000089100000, 0x0000000089200000|  0%| F|  |TAMS 0x0000000089100000, 0x0000000089100000| Untracked 
| 146|0x0000000089200000, 0x0000000089200000, 0x0000000089300000|  0%| F|  |TAMS 0x0000000089200000, 0x0000000089200000| Untracked 
| 147|0x0000000089300000, 0x0000000089300000, 0x0000000089400000|  0%| F|  |TAMS 0x0000000089300000, 0x0000000089300000| Untracked 
| 148|0x0000000089400000, 0x0000000089400000, 0x0000000089500000|  0%| F|  |TAMS 0x0000000089400000, 0x0000000089400000| Untracked 
| 149|0x0000000089500000, 0x0000000089500000, 0x0000000089600000|  0%| F|  |TAMS 0x0000000089500000, 0x0000000089500000| Untracked 
| 150|0x0000000089600000, 0x0000000089600000, 0x0000000089700000|  0%| F|  |TAMS 0x0000000089600000, 0x0000000089600000| Untracked 
| 151|0x0000000089700000, 0x0000000089700000, 0x0000000089800000|  0%| F|  |TAMS 0x0000000089700000, 0x0000000089700000| Untracked 
| 152|0x0000000089800000, 0x0000000089800000, 0x0000000089900000|  0%| F|  |TAMS 0x0000000089800000, 0x0000000089800000| Untracked 
| 153|0x0000000089900000, 0x0000000089900000, 0x0000000089a00000|  0%| F|  |TAMS 0x0000000089900000, 0x0000000089900000| Untracked 
| 154|0x0000000089a00000, 0x0000000089a00000, 0x0000000089b00000|  0%| F|  |TAMS 0x0000000089a00000, 0x0000000089a00000| Untracked 
| 155|0x0000000089b00000, 0x0000000089b00000, 0x0000000089c00000|  0%| F|  |TAMS 0x0000000089b00000, 0x0000000089b00000| Untracked 
| 156|0x0000000089c00000, 0x0000000089c00000, 0x0000000089d00000|  0%| F|  |TAMS 0x0000000089c00000, 0x0000000089c00000| Untracked 
| 157|0x0000000089d00000, 0x0000000089d00000, 0x0000000089e00000|  0%| F|  |TAMS 0x0000000089d00000, 0x0000000089d00000| Untracked 
| 158|0x0000000089e00000, 0x0000000089e00000, 0x0000000089f00000|  0%| F|  |TAMS 0x0000000089e00000, 0x0000000089e00000| Untracked 
| 159|0x0000000089f00000, 0x0000000089f00000, 0x000000008a000000|  0%| F|  |TAMS 0x0000000089f00000, 0x0000000089f00000| Untracked 
| 160|0x000000008a000000, 0x000000008a000000, 0x000000008a100000|  0%| F|  |TAMS 0x000000008a000000, 0x000000008a000000| Untracked 
| 161|0x000000008a100000, 0x000000008a100000, 0x000000008a200000|  0%| F|  |TAMS 0x000000008a100000, 0x000000008a100000| Untracked 
| 162|0x000000008a200000, 0x000000008a200000, 0x000000008a300000|  0%| F|  |TAMS 0x000000008a200000, 0x000000008a200000| Untracked 
| 163|0x000000008a300000, 0x000000008a300000, 0x000000008a400000|  0%| F|  |TAMS 0x000000008a300000, 0x000000008a300000| Untracked 
| 164|0x000000008a400000, 0x000000008a400000, 0x000000008a500000|  0%| F|  |TAMS 0x000000008a400000, 0x000000008a400000| Untracked 
| 165|0x000000008a500000, 0x000000008a500000, 0x000000008a600000|  0%| F|  |TAMS 0x000000008a500000, 0x000000008a500000| Untracked 
| 166|0x000000008a600000, 0x000000008a600000, 0x000000008a700000|  0%| F|  |TAMS 0x000000008a600000, 0x000000008a600000| Untracked 
| 167|0x000000008a700000, 0x000000008a700000, 0x000000008a800000|  0%| F|  |TAMS 0x000000008a700000, 0x000000008a700000| Untracked 
| 168|0x000000008a800000, 0x000000008a800000, 0x000000008a900000|  0%| F|  |TAMS 0x000000008a800000, 0x000000008a800000| Untracked 
| 169|0x000000008a900000, 0x000000008a900000, 0x000000008aa00000|  0%| F|  |TAMS 0x000000008a900000, 0x000000008a900000| Untracked 
| 170|0x000000008aa00000, 0x000000008aa00000, 0x000000008ab00000|  0%| F|  |TAMS 0x000000008aa00000, 0x000000008aa00000| Untracked 
| 171|0x000000008ab00000, 0x000000008ab00000, 0x000000008ac00000|  0%| F|  |TAMS 0x000000008ab00000, 0x000000008ab00000| Untracked 
| 172|0x000000008ac00000, 0x000000008ac00000, 0x000000008ad00000|  0%| F|  |TAMS 0x000000008ac00000, 0x000000008ac00000| Untracked 
| 173|0x000000008ad00000, 0x000000008ad00000, 0x000000008ae00000|  0%| F|  |TAMS 0x000000008ad00000, 0x000000008ad00000| Untracked 
| 174|0x000000008ae00000, 0x000000008ae00000, 0x000000008af00000|  0%| F|  |TAMS 0x000000008ae00000, 0x000000008ae00000| Untracked 
| 175|0x000000008af00000, 0x000000008af00000, 0x000000008b000000|  0%| F|  |TAMS 0x000000008af00000, 0x000000008af00000| Untracked 
| 176|0x000000008b000000, 0x000000008b000000, 0x000000008b100000|  0%| F|  |TAMS 0x000000008b000000, 0x000000008b000000| Untracked 
| 177|0x000000008b100000, 0x000000008b100000, 0x000000008b200000|  0%| F|  |TAMS 0x000000008b100000, 0x000000008b100000| Untracked 
| 178|0x000000008b200000, 0x000000008b200000, 0x000000008b300000|  0%| F|  |TAMS 0x000000008b200000, 0x000000008b200000| Untracked 
| 179|0x000000008b300000, 0x000000008b300000, 0x000000008b400000|  0%| F|  |TAMS 0x000000008b300000, 0x000000008b300000| Untracked 
| 180|0x000000008b400000, 0x000000008b400000, 0x000000008b500000|  0%| F|  |TAMS 0x000000008b400000, 0x000000008b400000| Untracked 
| 181|0x000000008b500000, 0x000000008b500000, 0x000000008b600000|  0%| F|  |TAMS 0x000000008b500000, 0x000000008b500000| Untracked 
| 182|0x000000008b600000, 0x000000008b600000, 0x000000008b700000|  0%| F|  |TAMS 0x000000008b600000, 0x000000008b600000| Untracked 
| 183|0x000000008b700000, 0x000000008b700000, 0x000000008b800000|  0%| F|  |TAMS 0x000000008b700000, 0x000000008b700000| Untracked 
| 184|0x000000008b800000, 0x000000008b800000, 0x000000008b900000|  0%| F|  |TAMS 0x000000008b800000, 0x000000008b800000| Untracked 
| 185|0x000000008b900000, 0x000000008b900000, 0x000000008ba00000|  0%| F|  |TAMS 0x000000008b900000, 0x000000008b900000| Untracked 
| 186|0x000000008ba00000, 0x000000008ba00000, 0x000000008bb00000|  0%| F|  |TAMS 0x000000008ba00000, 0x000000008ba00000| Untracked 
| 187|0x000000008bb00000, 0x000000008bb00000, 0x000000008bc00000|  0%| F|  |TAMS 0x000000008bb00000, 0x000000008bb00000| Untracked 
| 188|0x000000008bc00000, 0x000000008bc00000, 0x000000008bd00000|  0%| F|  |TAMS 0x000000008bc00000, 0x000000008bc00000| Untracked 
| 189|0x000000008bd00000, 0x000000008bd00000, 0x000000008be00000|  0%| F|  |TAMS 0x000000008bd00000, 0x000000008bd00000| Untracked 
| 190|0x000000008be00000, 0x000000008be00000, 0x000000008bf00000|  0%| F|  |TAMS 0x000000008be00000, 0x000000008be00000| Untracked 
| 191|0x000000008bf00000, 0x000000008bf00000, 0x000000008c000000|  0%| F|  |TAMS 0x000000008bf00000, 0x000000008bf00000| Untracked 
| 192|0x000000008c000000, 0x000000008c000000, 0x000000008c100000|  0%| F|  |TAMS 0x000000008c000000, 0x000000008c000000| Untracked 
| 193|0x000000008c100000, 0x000000008c100000, 0x000000008c200000|  0%| F|  |TAMS 0x000000008c100000, 0x000000008c100000| Untracked 
| 194|0x000000008c200000, 0x000000008c200000, 0x000000008c300000|  0%| F|  |TAMS 0x000000008c200000, 0x000000008c200000| Untracked 
| 195|0x000000008c300000, 0x000000008c300000, 0x000000008c400000|  0%| F|  |TAMS 0x000000008c300000, 0x000000008c300000| Untracked 
| 196|0x000000008c400000, 0x000000008c400000, 0x000000008c500000|  0%| F|  |TAMS 0x000000008c400000, 0x000000008c400000| Untracked 
| 197|0x000000008c500000, 0x000000008c500000, 0x000000008c600000|  0%| F|  |TAMS 0x000000008c500000, 0x000000008c500000| Untracked 
| 198|0x000000008c600000, 0x000000008c600000, 0x000000008c700000|  0%| F|  |TAMS 0x000000008c600000, 0x000000008c600000| Untracked 
| 199|0x000000008c700000, 0x000000008c700000, 0x000000008c800000|  0%| F|  |TAMS 0x000000008c700000, 0x000000008c700000| Untracked 
| 200|0x000000008c800000, 0x000000008c800000, 0x000000008c900000|  0%| F|  |TAMS 0x000000008c800000, 0x000000008c800000| Untracked 
| 201|0x000000008c900000, 0x000000008c95a448, 0x000000008ca00000| 35%| E|  |TAMS 0x000000008c900000, 0x000000008c900000| Complete 
| 202|0x000000008ca00000, 0x000000008cb00000, 0x000000008cb00000|100%| E|CS|TAMS 0x000000008ca00000, 0x000000008ca00000| Complete 
| 203|0x000000008cb00000, 0x000000008cc00000, 0x000000008cc00000|100%| E|CS|TAMS 0x000000008cb00000, 0x000000008cb00000| Complete 
| 204|0x000000008cc00000, 0x000000008cd00000, 0x000000008cd00000|100%| E|CS|TAMS 0x000000008cc00000, 0x000000008cc00000| Complete 
| 205|0x000000008cd00000, 0x000000008ce00000, 0x000000008ce00000|100%| E|CS|TAMS 0x000000008cd00000, 0x000000008cd00000| Complete 
| 206|0x000000008ce00000, 0x000000008cf00000, 0x000000008cf00000|100%| E|CS|TAMS 0x000000008ce00000, 0x000000008ce00000| Complete 
| 207|0x000000008cf00000, 0x000000008d000000, 0x000000008d000000|100%| E|CS|TAMS 0x000000008cf00000, 0x000000008cf00000| Complete 
| 208|0x000000008d000000, 0x000000008d100000, 0x000000008d100000|100%| E|CS|TAMS 0x000000008d000000, 0x000000008d000000| Complete 
| 209|0x000000008d100000, 0x000000008d200000, 0x000000008d200000|100%| E|CS|TAMS 0x000000008d100000, 0x000000008d100000| Complete 
| 210|0x000000008d200000, 0x000000008d300000, 0x000000008d300000|100%| E|CS|TAMS 0x000000008d200000, 0x000000008d200000| Complete 
| 211|0x000000008d300000, 0x000000008d400000, 0x000000008d400000|100%| E|CS|TAMS 0x000000008d300000, 0x000000008d300000| Complete 
| 212|0x000000008d400000, 0x000000008d500000, 0x000000008d500000|100%| E|CS|TAMS 0x000000008d400000, 0x000000008d400000| Complete 
| 213|0x000000008d500000, 0x000000008d600000, 0x000000008d600000|100%| E|CS|TAMS 0x000000008d500000, 0x000000008d500000| Complete 
| 214|0x000000008d600000, 0x000000008d700000, 0x000000008d700000|100%| E|CS|TAMS 0x000000008d600000, 0x000000008d600000| Complete 
| 215|0x000000008d700000, 0x000000008d800000, 0x000000008d800000|100%| E|CS|TAMS 0x000000008d700000, 0x000000008d700000| Complete 
| 216|0x000000008d800000, 0x000000008d900000, 0x000000008d900000|100%| E|CS|TAMS 0x000000008d800000, 0x000000008d800000| Complete 
| 217|0x000000008d900000, 0x000000008da00000, 0x000000008da00000|100%| E|CS|TAMS 0x000000008d900000, 0x000000008d900000| Complete 
| 218|0x000000008da00000, 0x000000008db00000, 0x000000008db00000|100%| E|CS|TAMS 0x000000008da00000, 0x000000008da00000| Complete 
| 219|0x000000008db00000, 0x000000008dc00000, 0x000000008dc00000|100%| E|CS|TAMS 0x000000008db00000, 0x000000008db00000| Complete 
| 220|0x000000008dc00000, 0x000000008dd00000, 0x000000008dd00000|100%| E|CS|TAMS 0x000000008dc00000, 0x000000008dc00000| Complete 
| 221|0x000000008dd00000, 0x000000008de00000, 0x000000008de00000|100%| E|CS|TAMS 0x000000008dd00000, 0x000000008dd00000| Complete 
| 222|0x000000008de00000, 0x000000008df00000, 0x000000008df00000|100%| E|CS|TAMS 0x000000008de00000, 0x000000008de00000| Complete 
| 223|0x000000008df00000, 0x000000008e000000, 0x000000008e000000|100%| E|CS|TAMS 0x000000008df00000, 0x000000008df00000| Complete 

Card table byte_map: [0x0000027373310000,0x0000027373710000] _byte_map_base: 0x0000027372f10000

Marking Bits (Prev, Next): (CMBitMap*) 0x000002735a885fe0, (CMBitMap*) 0x000002735a886020
 Prev Bits: [0x0000027373b10000, 0x0000027375b10000)
 Next Bits: [0x0000027375b10000, 0x0000027377b10000)

Polling page: 0x000002735c0c0000

Metaspace:

Usage:
  Non-class:     15.09 MB used.
      Class:      2.53 MB used.
       Both:     17.62 MB used.

Virtual space:
  Non-class space:       16.00 MB reserved,      15.25 MB ( 95%) committed,  2 nodes.
      Class space:      412.00 MB reserved,       2.69 MB ( <1%) committed,  1 nodes.
             Both:      428.00 MB reserved,      17.94 MB (  4%) committed. 

Chunk freelists:
   Non-Class:  816.00 KB
       Class:  1.36 MB
        Both:  2.16 MB

MaxMetaspaceSize: 512.00 MB
CompressedClassSpaceSize: 412.00 MB
Initial GC threshold: 21.00 MB
Current GC threshold: 21.00 MB
CDS: on
MetaspaceReclaimPolicy: balanced
 - commit_granule_bytes: 65536.
 - commit_granule_words: 8192.
 - virtual_space_node_default_size: 1048576.
 - enlarge_chunks_in_place: 1.
 - new_chunks_are_fully_committed: 0.
 - uncommit_free_chunks: 1.
 - use_allocation_guard: 0.
 - handle_deallocations: 1.


Internal statistics:

num_allocs_failed_limit: 0.
num_arena_births: 230.
num_arena_deaths: 0.
num_vsnodes_births: 3.
num_vsnodes_deaths: 0.
num_space_committed: 287.
num_space_uncommitted: 0.
num_chunks_returned_to_freelist: 0.
num_chunks_taken_from_freelist: 857.
num_chunk_merges: 0.
num_chunk_splits: 554.
num_chunks_enlarged: 388.
num_purges: 0.
num_inconsistent_stats: 0.

CodeHeap 'non-profiled nmethods': size=120000Kb used=1225Kb max_used=1225Kb free=118774Kb
 bounds [0x000002736b4a0000, 0x000002736b710000, 0x00000273729d0000]
CodeHeap 'profiled nmethods': size=120000Kb used=5122Kb max_used=5122Kb free=114877Kb
 bounds [0x0000027363f70000, 0x0000027364480000, 0x000002736b4a0000]
CodeHeap 'non-nmethods': size=5760Kb used=1227Kb max_used=1259Kb free=4532Kb
 bounds [0x00000273639d0000, 0x0000027363c40000, 0x0000027363f70000]
 total_blobs=3008 nmethods=2475 adapters=445
 compilation: enabled
              stopped_count=0, restarted_count=0
 full_count=0

Compilation events (20 events):
Event: 5.876 Thread 0x000002737a139c30 2467       3       org.gradle.internal.service.DefaultServiceRegistry::access$2100 (6 bytes)
Event: 5.876 Thread 0x000002737a139c30 nmethod 2467 0x000002736446c810 code [0x000002736446c9a0, 0x000002736446caa8]
Event: 5.880 Thread 0x000002737a139c30 2469       3       java.util.regex.Pattern$TreeInfo::reset (21 bytes)
Event: 5.880 Thread 0x000002737a139c30 nmethod 2469 0x000002736446cb90 code [0x000002736446cd20, 0x000002736446ce38]
Event: 5.886 Thread 0x000002737a139c30 2470       3       java.lang.Module::isExported (18 bytes)
Event: 5.887 Thread 0x000002737a139c30 nmethod 2470 0x000002736446cf10 code [0x000002736446d0e0, 0x000002736446d4e8]
Event: 5.887 Thread 0x000002737a139c30 2471       3       java.lang.invoke.Invokers::checkExactType (17 bytes)
Event: 5.887 Thread 0x000002737a139c30 nmethod 2471 0x000002736446d690 code [0x000002736446d840, 0x000002736446da48]
Event: 5.889 Thread 0x000002737a139c30 2472       3       org.gradle.internal.service.DefaultServiceRegistry$FactoryMethodService::getMethod (46 bytes)
Event: 5.890 Thread 0x000002737a139c30 nmethod 2472 0x000002736446db90 code [0x000002736446dde0, 0x000002736446e508]
Event: 5.900 Thread 0x000002737a139c30 2473       3       jdk.internal.reflect.NativeConstructorAccessorImpl::<init> (10 bytes)
Event: 5.900 Thread 0x000002737a139c30 nmethod 2473 0x000002736446e810 code [0x000002736446e9c0, 0x000002736446ec38]
Event: 5.900 Thread 0x000002737a139c30 2474       3       jdk.internal.reflect.DelegatingConstructorAccessorImpl::<init> (10 bytes)
Event: 5.900 Thread 0x000002737a139c30 nmethod 2474 0x000002736446ed10 code [0x000002736446eec0, 0x000002736446f178]
Event: 5.905 Thread 0x000002737a139c30 2475       3       jdk.internal.org.objectweb.asm.MethodWriter::visitAnnotation (40 bytes)
Event: 5.906 Thread 0x000002737a139c30 nmethod 2475 0x000002736446f290 code [0x000002736446f440, 0x000002736446f6f8]
Event: 5.906 Thread 0x000002737a139c30 2476       3       jdk.internal.org.objectweb.asm.AnnotationWriter::create (34 bytes)
Event: 5.906 Thread 0x000002737a139c30 nmethod 2476 0x000002736446f790 code [0x000002736446f980, 0x000002736446fe38]
Event: 5.906 Thread 0x000002737a139c30 2477       3       jdk.internal.org.objectweb.asm.AnnotationWriter::visitEnd (44 bytes)
Event: 5.906 Thread 0x000002737a139c30 nmethod 2477 0x0000027364470010 code [0x00000273644701a0, 0x0000027364470338]

GC Heap History (6 events):
Event: 0.614 GC heap before
{Heap before GC invocations=0 (full 0):
 garbage-first heap   total 229376K, used 13312K [0x0000000080000000, 0x0000000100000000)
  region size 1024K, 13 young (13312K), 0 survivors (0K)
 Metaspace       used 772K, committed 896K, reserved 430080K
  class space    used 61K, committed 128K, reserved 421888K
}
Event: 0.621 GC heap after
{Heap after GC invocations=1 (full 0):
 garbage-first heap   total 229376K, used 1248K [0x0000000080000000, 0x0000000100000000)
  region size 1024K, 2 young (2048K), 2 survivors (2048K)
 Metaspace       used 772K, committed 896K, reserved 430080K
  class space    used 61K, committed 128K, reserved 421888K
}
Event: 1.365 GC heap before
{Heap before GC invocations=1 (full 0):
 garbage-first heap   total 229376K, used 23776K [0x0000000080000000, 0x0000000100000000)
  region size 1024K, 21 young (21504K), 2 survivors (2048K)
 Metaspace       used 2739K, committed 2880K, reserved 430080K
  class space    used 310K, committed 384K, reserved 421888K
}
Event: 1.370 GC heap after
{Heap after GC invocations=2 (full 0):
 garbage-first heap   total 229376K, used 10596K [0x0000000080000000, 0x0000000100000000)
  region size 1024K, 3 young (3072K), 3 survivors (3072K)
 Metaspace       used 2739K, committed 2880K, reserved 430080K
  class space    used 310K, committed 384K, reserved 421888K
}
Event: 5.349 GC heap before
{Heap before GC invocations=2 (full 0):
 garbage-first heap   total 229376K, used 145764K [0x0000000080000000, 0x0000000100000000)
  region size 1024K, 134 young (137216K), 3 survivors (3072K)
 Metaspace       used 15137K, committed 15360K, reserved 438272K
  class space    used 2076K, committed 2176K, reserved 421888K
}
Event: 5.361 GC heap after
{Heap after GC invocations=3 (full 0):
 garbage-first heap   total 229376K, used 21219K [0x0000000080000000, 0x0000000100000000)
  region size 1024K, 13 young (13312K), 13 survivors (13312K)
 Metaspace       used 15137K, committed 15360K, reserved 438272K
  class space    used 2076K, committed 2176K, reserved 421888K
}

Deoptimization events (20 events):
Event: 5.296 Thread 0x000002737c84c440 Uncommon trap: trap_request=0xffffff45 fr.pc=0x000002736b59bef4 relative=0x0000000000000074
Event: 5.296 Thread 0x000002737c84c440 Uncommon trap: reason=unstable_if action=reinterpret pc=0x000002736b59bef4 method=jdk.internal.misc.Unsafe.convEndian(ZI)I @ 4 c2
Event: 5.296 Thread 0x000002737c84c440 DEOPT PACKING pc=0x000002736b59bef4 sp=0x0000008c020fac30
Event: 5.296 Thread 0x000002737c84c440 DEOPT UNPACKING pc=0x0000027363a223a3 sp=0x0000008c020fab38 mode 2
Event: 5.296 Thread 0x000002737c84c440 Uncommon trap: trap_request=0xffffff45 fr.pc=0x000002736b593738 relative=0x0000000000000038
Event: 5.296 Thread 0x000002737c84c440 Uncommon trap: reason=unstable_if action=reinterpret pc=0x000002736b593738 method=jdk.internal.misc.Unsafe.convEndian(ZI)I @ 4 c2
Event: 5.296 Thread 0x000002737c84c440 DEOPT PACKING pc=0x000002736b593738 sp=0x0000008c020fab90
Event: 5.296 Thread 0x000002737c84c440 DEOPT UNPACKING pc=0x0000027363a223a3 sp=0x0000008c020fab28 mode 2
Event: 5.328 Thread 0x000002737c84c440 Uncommon trap: trap_request=0xffffff45 fr.pc=0x000002736b4c130c relative=0x0000000000000a8c
Event: 5.328 Thread 0x000002737c84c440 Uncommon trap: reason=unstable_if action=reinterpret pc=0x000002736b4c130c method=java.io.WinNTFileSystem.resolve(Ljava/lang/String;Ljava/lang/String;)Ljava/lang/String; @ 19 c2
Event: 5.328 Thread 0x000002737c84c440 DEOPT PACKING pc=0x000002736b4c130c sp=0x0000008c020fb180
Event: 5.328 Thread 0x000002737c84c440 DEOPT UNPACKING pc=0x0000027363a223a3 sp=0x0000008c020fb128 mode 2
Event: 5.329 Thread 0x000002737c84c440 Uncommon trap: trap_request=0xffffff45 fr.pc=0x000002736b533ab8 relative=0x0000000000000618
Event: 5.329 Thread 0x000002737c84c440 Uncommon trap: reason=unstable_if action=reinterpret pc=0x000002736b533ab8 method=java.io.File.getName()Ljava/lang/String; @ 16 c2
Event: 5.329 Thread 0x000002737c84c440 DEOPT PACKING pc=0x000002736b533ab8 sp=0x0000008c020fb130
Event: 5.329 Thread 0x000002737c84c440 DEOPT UNPACKING pc=0x0000027363a223a3 sp=0x0000008c020fb100 mode 2
Event: 5.418 Thread 0x000002737c84c440 Uncommon trap: trap_request=0xffffff45 fr.pc=0x000002736b59a978 relative=0x00000000000000d8
Event: 5.418 Thread 0x000002737c84c440 Uncommon trap: reason=unstable_if action=reinterpret pc=0x000002736b59a978 method=java.util.HashMap.hash(Ljava/lang/Object;)I @ 1 c2
Event: 5.418 Thread 0x000002737c84c440 DEOPT PACKING pc=0x000002736b59a978 sp=0x0000008c020fc0e0
Event: 5.418 Thread 0x000002737c84c440 DEOPT UNPACKING pc=0x0000027363a223a3 sp=0x0000008c020fc020 mode 2

Classes unloaded (0 events):
No events

Classes redefined (0 events):
No events

Internal exceptions (20 events):
Event: 4.861 Thread 0x000002737c84c440 Exception <a 'java/lang/NoSuchMethodError'{0x0000000086900d20}: 'java.lang.Object java.lang.invoke.DirectMethodHandle$Holder.newInvokeSpecial(java.lang.Object, java.lang.Object, java.lang.Object, java.lang.Object, java.lang.Object, java.lang.Object)'> (0x0000000086900d20) 
thrown [t:\workspace\open\src\hotspot\share\interpreter\linkResolver.cpp, line 766]
Event: 4.864 Thread 0x000002737c84c440 Exception <a 'java/lang/NoSuchMethodError'{0x000000008691c260}: 'void java.lang.invoke.DirectMethodHandle$Holder.invokeSpecial(java.lang.Object, java.lang.Object, java.lang.Object, java.lang.Object, java.lang.Object)'> (0x000000008691c260) 
thrown [t:\workspace\open\src\hotspot\share\interpreter\linkResolver.cpp, line 766]
Event: 4.866 Thread 0x000002737c84c440 Exception <a 'java/lang/NoSuchMethodError'{0x000000008692fc68}: 'void java.lang.invoke.DirectMethodHandle$Holder.invokeStaticInit(java.lang.Object, java.lang.Object)'> (0x000000008692fc68) 
thrown [t:\workspace\open\src\hotspot\share\interpreter\linkResolver.cpp, line 766]
Event: 4.963 Thread 0x000002737c84c440 Exception <a 'java/lang/NoSuchMethodError'{0x0000000086601c88}: 'void java.lang.invoke.DelegatingMethodHandle$Holder.reinvoke_L(java.lang.Object, java.lang.Object, java.lang.Object, java.lang.Object, java.lang.Object, java.lang.Object, java.lang.Object, java.lang.Object, java.lang.Object, java.lang.Object)'> (0x0000000086601c88) 
thrown [t:\workspace\open\src\hotspot\share\interpreter\linkResolver.cpp, line 766]
Event: 4.964 Thread 0x000002737c84c440 Exception <a 'java/lang/NoSuchMethodError'{0x000000008660a0f8}: 'java.lang.Object java.lang.invoke.DirectMethodHandle$Holder.invokeSpecial(java.lang.Object, java.lang.Object, java.lang.Object, java.lang.Object, java.lang.Object, java.lang.Object, java.lang.Object, java.lang.Object, java.lang.Object, java.lang.Object)'> (0x000000008660a0f8) 
thrown [t:\workspace\open\src\hotspot\share\interpreter\linkResolver.cpp, line 766]
Event: 4.965 Thread 0x000002737c84c440 Exception <a 'java/lang/NoSuchMethodError'{0x000000008660e9c8}: 'java.lang.Object java.lang.invoke.Invokers$Holder.invoker(java.lang.Object, java.lang.Object, java.lang.Object, java.lang.Object, java.lang.Object, java.lang.Object, java.lang.Object, java.lang.Object, java.lang.Object, java.lang.Object)'> (0x000000008660e9c8) 
thrown [t:\workspace\open\src\hotspot\share\interpreter\linkResolver.cpp, line 766]
Event: 4.966 Thread 0x000002737c84c440 Exception <a 'java/lang/NoSuchMethodError'{0x00000000866145d0}: 'java.lang.Object java.lang.invoke.DirectMethodHandle$Holder.invokeSpecial(java.lang.Object, java.lang.Object, java.lang.Object, java.lang.Object, java.lang.Object, java.lang.Object, java.lang.Object, java.lang.Object, java.lang.Object, java.lang.Object, java.lang.Object)'> (0x00000000866145d0) 
thrown [t:\workspace\open\src\hotspot\share\interpreter\linkResolver.cpp, line 766]
Event: 5.180 Thread 0x000002737c84c440 Exception <a 'java/lang/NoSuchMethodError'{0x0000000085f4c400}: 'java.lang.Object java.lang.invoke.DirectMethodHandle$Holder.newInvokeSpecial(java.lang.Object, java.lang.Object, int)'> (0x0000000085f4c400) 
thrown [t:\workspace\open\src\hotspot\share\interpreter\linkResolver.cpp, line 766]
Event: 5.382 Thread 0x000002737c84c440 Exception <a 'java/lang/NoSuchMethodError'{0x000000008dff2b28}: 'int java.lang.invoke.DirectMethodHandle$Holder.invokeSpecialIFC(java.lang.Object, java.lang.Object, java.lang.Object, java.lang.Object)'> (0x000000008dff2b28) 
thrown [t:\workspace\open\src\hotspot\share\interpreter\linkResolver.cpp, line 766]
Event: 5.383 Thread 0x000002737c84c440 Exception <a 'java/lang/NoSuchMethodError'{0x000000008de02158}: 'java.lang.Object java.lang.invoke.DirectMethodHandle$Holder.invokeInterface(java.lang.Object, java.lang.Object, java.lang.Object)'> (0x000000008de02158) 
thrown [t:\workspace\open\src\hotspot\share\interpreter\linkResolver.cpp, line 766]
Event: 5.384 Thread 0x000002737c84c440 Exception <a 'java/lang/IncompatibleClassChangeError'{0x000000008de06018}: Found class java.lang.Object, but interface was expected> (0x000000008de06018) 
thrown [t:\workspace\open\src\hotspot\share\interpreter\linkResolver.cpp, line 833]
Event: 5.418 Thread 0x000002737c84c440 Implicit null exception at 0x000002736b59a8d8 to 0x000002736b59a96e
Event: 5.443 Thread 0x000002737c84c440 Exception <a 'java/lang/NoSuchMethodError'{0x000000008ddf6f30}: 'int java.lang.invoke.DirectMethodHandle$Holder.invokeStatic(java.lang.Object, java.lang.Object, java.lang.Object, java.lang.Object)'> (0x000000008ddf6f30) 
thrown [t:\workspace\open\src\hotspot\share\interpreter\linkResolver.cpp, line 766]
Event: 5.444 Thread 0x000002737c84c440 Exception <a 'java/lang/NoSuchMethodError'{0x000000008ddfae00}: 'java.lang.Object java.lang.invoke.Invokers$Holder.invokeExact_MT(java.lang.Object, java.lang.Object, java.lang.Object, java.lang.Object, java.lang.Object, java.lang.Object)'> (0x000000008ddfae00) 
thrown [t:\workspace\open\src\hotspot\share\interpreter\linkResolver.cpp, line 766]
Event: 5.582 Thread 0x000002737c84c440 Exception <a 'java/lang/IncompatibleClassChangeError'{0x000000008d93ef88}: Found class java.lang.Object, but interface was expected> (0x000000008d93ef88) 
thrown [t:\workspace\open\src\hotspot\share\interpreter\linkResolver.cpp, line 833]
Event: 5.650 Thread 0x000002737c7c0970 Exception <a 'java/lang/NoSuchMethodError'{0x000000008df115b0}: static Lorg/gradle/internal/build/event/types/DefaultOperationStartedProgressEvent;.<clinit>()V> (0x000000008df115b0) 
thrown [t:\workspace\open\src\hotspot\share\prims\jni.cpp, line 1107]
Event: 5.650 Thread 0x000002737c7c0970 Exception <a 'java/lang/NoSuchMethodError'{0x000000008df12b38}: static Lorg/gradle/internal/build/event/types/AbstractProgressEvent;.<clinit>()V> (0x000000008df12b38) 
thrown [t:\workspace\open\src\hotspot\share\prims\jni.cpp, line 1107]
Event: 5.651 Thread 0x000002737c7c0970 Exception <a 'java/lang/NoSuchMethodError'{0x000000008df1b7a0}: static Lorg/gradle/internal/build/event/types/DefaultOperationDescriptor;.<clinit>()V> (0x000000008df1b7a0) 
thrown [t:\workspace\open\src\hotspot\share\prims\jni.cpp, line 1107]
Event: 5.653 Thread 0x000002737c7c0970 Exception <a 'java/lang/NoSuchMethodError'{0x000000008d6b6d08}: static Lorg/gradle/internal/operations/OperationIdentifier;.<clinit>()V> (0x000000008d6b6d08) 
thrown [t:\workspace\open\src\hotspot\share\prims\jni.cpp, line 1107]
Event: 5.905 Thread 0x000002737c84c440 Exception <a 'java/lang/NoSuchMethodError'{0x000000008cc2ffb0}: 'int java.lang.invoke.DirectMethodHandle$Holder.invokeStaticInit(java.lang.Object, java.lang.Object, java.lang.Object)'> (0x000000008cc2ffb0) 
thrown [t:\workspace\open\src\hotspot\share\interpreter\linkResolver.cpp, line 766]

VM Operations (20 events):
Event: 3.539 Executing VM operation: HandshakeAllThreads
Event: 3.539 Executing VM operation: HandshakeAllThreads done
Event: 3.655 Executing VM operation: HandshakeAllThreads
Event: 3.655 Executing VM operation: HandshakeAllThreads done
Event: 3.736 Executing VM operation: HandshakeAllThreads
Event: 3.736 Executing VM operation: HandshakeAllThreads done
Event: 4.034 Executing VM operation: HandshakeAllThreads
Event: 4.034 Executing VM operation: HandshakeAllThreads done
Event: 4.034 Executing VM operation: Cleanup
Event: 4.034 Executing VM operation: Cleanup done
Event: 4.134 Executing VM operation: HandshakeAllThreads
Event: 4.134 Executing VM operation: HandshakeAllThreads done
Event: 5.150 Executing VM operation: Cleanup
Event: 5.150 Executing VM operation: Cleanup done
Event: 5.349 Executing VM operation: G1CollectForAllocation
Event: 5.361 Executing VM operation: G1CollectForAllocation done
Event: 5.561 Executing VM operation: HandshakeAllThreads
Event: 5.561 Executing VM operation: HandshakeAllThreads done
Event: 5.561 Executing VM operation: HandshakeAllThreads
Event: 5.561 Executing VM operation: HandshakeAllThreads done

Events (20 events):
Event: 5.384 loading class java/util/stream/ReduceOps$1ReducingSink
Event: 5.385 loading class java/util/stream/ReduceOps$1ReducingSink done
Event: 5.604 loading class java/util/Collections$2
Event: 5.604 loading class java/util/Collections$2 done
Event: 5.648 loading class java/io/ObjectOutputStream$BlockDataOutputStream
Event: 5.648 loading class java/io/ObjectOutputStream$BlockDataOutputStream done
Event: 5.648 loading class java/io/ObjectOutputStream$HandleTable
Event: 5.648 loading class java/io/ObjectOutputStream$HandleTable done
Event: 5.649 loading class java/io/ObjectOutputStream$ReplaceTable
Event: 5.649 loading class java/io/ObjectOutputStream$ReplaceTable done
Event: 5.652 loading class java/io/UnsupportedEncodingException
Event: 5.652 loading class java/io/UnsupportedEncodingException done
Event: 5.652 loading class java/nio/charset/CharacterCodingException
Event: 5.652 loading class java/nio/charset/CharacterCodingException done
Event: 5.737 loading class java/util/function/LongFunction
Event: 5.737 loading class java/util/function/LongFunction done
Event: 5.827 loading class java/security/InvalidKeyException
Event: 5.827 loading class java/security/KeyException
Event: 5.827 loading class java/security/KeyException done
Event: 5.827 loading class java/security/InvalidKeyException done


Dynamic libraries:
0x00007ff70d0c0000 - 0x00007ff70d0d0000 	C:\Program Files\Java\jdk-17.0.1\bin\java.exe
0x00007ffc01260000 - 0x00007ffc014c3000 	C:\WINDOWS\SYSTEM32\ntdll.dll
0x00007ffbffb70000 - 0x00007ffbffc38000 	C:\WINDOWS\System32\KERNEL32.DLL
0x00007ffbfe630000 - 0x00007ffbfe9e2000 	C:\WINDOWS\System32\KERNELBASE.dll
0x00007ffbfe9f0000 - 0x00007ffbfeb3b000 	C:\WINDOWS\System32\ucrtbase.dll
0x00007ffbf8150000 - 0x00007ffbf8168000 	C:\Program Files\Java\jdk-17.0.1\bin\jli.dll
0x00007ffbf0e30000 - 0x00007ffbf0e4a000 	C:\Program Files\Java\jdk-17.0.1\bin\VCRUNTIME140.dll
0x00007ffbffc80000 - 0x00007ffbffd34000 	C:\WINDOWS\System32\ADVAPI32.dll
0x00007ffbff180000 - 0x00007ffbff229000 	C:\WINDOWS\System32\msvcrt.dll
0x00007ffbff6c0000 - 0x00007ffbff766000 	C:\WINDOWS\System32\sechost.dll
0x00007ffbffa40000 - 0x00007ffbffb56000 	C:\WINDOWS\System32\RPCRT4.dll
0x00007ffc00fb0000 - 0x00007ffc01178000 	C:\WINDOWS\System32\USER32.dll
0x00007ffbfec80000 - 0x00007ffbfeca7000 	C:\WINDOWS\System32\win32u.dll
0x00007ffbffa10000 - 0x00007ffbffa3a000 	C:\WINDOWS\System32\GDI32.dll
0x00007ffbfed50000 - 0x00007ffbfee7b000 	C:\WINDOWS\System32\gdi32full.dll
0x00007ffbfebd0000 - 0x00007ffbfec73000 	C:\WINDOWS\System32\msvcp_win.dll
0x00007ffbe7c50000 - 0x00007ffbe7ee0000 	C:\WINDOWS\WinSxS\amd64_microsoft.windows.common-controls_6595b64144ccf1df_6.0.26100.2454_none_3e0b68a2e331ad60\COMCTL32.dll
0x00007ffbf6d60000 - 0x00007ffbf6d6b000 	C:\WINDOWS\SYSTEM32\VERSION.dll
0x00007ffbffc40000 - 0x00007ffbffc6f000 	C:\WINDOWS\System32\IMM32.DLL
0x00007ffbebe90000 - 0x00007ffbebe9c000 	C:\Program Files\Java\jdk-17.0.1\bin\vcruntime140_1.dll
0x00007ffba1ee0000 - 0x00007ffba1f6d000 	C:\Program Files\Java\jdk-17.0.1\bin\msvcp140.dll
0x00007ffb89d60000 - 0x00007ffb8a91e000 	C:\Program Files\Java\jdk-17.0.1\bin\server\jvm.dll
0x00007ffbffb60000 - 0x00007ffbffb68000 	C:\WINDOWS\System32\PSAPI.DLL
0x00007ffbe9170000 - 0x00007ffbe917a000 	C:\WINDOWS\SYSTEM32\WSOCK32.dll
0x00007ffbf6d20000 - 0x00007ffbf6d56000 	C:\WINDOWS\SYSTEM32\WINMM.dll
0x00007ffbff0c0000 - 0x00007ffbff134000 	C:\WINDOWS\System32\WS2_32.dll
0x00007ffbfd430000 - 0x00007ffbfd44a000 	C:\WINDOWS\SYSTEM32\kernel.appcore.dll
0x00007ffbebe80000 - 0x00007ffbebe8a000 	C:\Program Files\Java\jdk-17.0.1\bin\jimage.dll
0x00007ffbf2890000 - 0x00007ffbf2ad1000 	C:\WINDOWS\SYSTEM32\DBGHELP.DLL
0x00007ffbffd40000 - 0x00007ffc000be000 	C:\WINDOWS\System32\combase.dll
0x00007ffc000d0000 - 0x00007ffc001a6000 	C:\WINDOWS\System32\OLEAUT32.dll
0x00007ffbeba60000 - 0x00007ffbeba99000 	C:\WINDOWS\SYSTEM32\dbgcore.DLL
0x00007ffbfecb0000 - 0x00007ffbfed49000 	C:\WINDOWS\System32\bcryptPrimitives.dll
0x00007ffbd0ee0000 - 0x00007ffbd0eee000 	C:\Program Files\Java\jdk-17.0.1\bin\instrument.dll
0x00007ffbdbdf0000 - 0x00007ffbdbe15000 	C:\Program Files\Java\jdk-17.0.1\bin\java.dll
0x00007ffb89c80000 - 0x00007ffb89d56000 	C:\Program Files\Java\jdk-17.0.1\bin\svml.dll
0x00007ffc001b0000 - 0x00007ffc008b1000 	C:\WINDOWS\System32\SHELL32.dll
0x00007ffbfc320000 - 0x00007ffbfcb51000 	C:\WINDOWS\SYSTEM32\windows.storage.dll
0x00007ffc008c0000 - 0x00007ffc0099a000 	C:\WINDOWS\System32\SHCORE.dll
0x00007ffbff880000 - 0x00007ffbff8dd000 	C:\WINDOWS\System32\shlwapi.dll
0x00007ffbfe540000 - 0x00007ffbfe56e000 	C:\WINDOWS\SYSTEM32\profapi.dll
0x00007ffbd0e90000 - 0x00007ffbd0ea8000 	C:\Program Files\Java\jdk-17.0.1\bin\zip.dll
0x00007ffbe5d50000 - 0x00007ffbe5d69000 	C:\Program Files\Java\jdk-17.0.1\bin\net.dll
0x00007ffbf7e50000 - 0x00007ffbf7f76000 	C:\WINDOWS\SYSTEM32\WINHTTP.dll
0x00007ffbfd910000 - 0x00007ffbfd978000 	C:\WINDOWS\system32\mswsock.dll
0x00007ffbd0ef0000 - 0x00007ffbd0f05000 	C:\Program Files\Java\jdk-17.0.1\bin\nio.dll
0x00007ffbdbde0000 - 0x00007ffbdbdf0000 	C:\Program Files\Java\jdk-17.0.1\bin\verify.dll
0x00007ffbd0e60000 - 0x00007ffbd0e87000 	C:\Users\Rm\.gradle\native\c067742578af261105cb4f569cf0c3c89f3d7b1fecec35dd04571415982c5e48\windows-amd64\native-platform.dll
0x00007ffb89b30000 - 0x00007ffb89c74000 	C:\Users\Rm\.gradle\native\100fb08df4bc3b14c8652ba06237920a3bd2aa13389f12d3474272988ae205f9\windows-amd64\native-platform-file-events.dll
0x00007ffbd16f0000 - 0x00007ffbd16f9000 	C:\Program Files\Java\jdk-17.0.1\bin\management.dll
0x00007ffbd1480000 - 0x00007ffbd148b000 	C:\Program Files\Java\jdk-17.0.1\bin\management_ext.dll
0x00007ffbfdcc0000 - 0x00007ffbfdcdc000 	C:\WINDOWS\SYSTEM32\CRYPTSP.dll
0x00007ffbfd390000 - 0x00007ffbfd3c8000 	C:\WINDOWS\system32\rsaenh.dll
0x00007ffbfd9b0000 - 0x00007ffbfd9db000 	C:\WINDOWS\SYSTEM32\USERENV.dll
0x00007ffbfde50000 - 0x00007ffbfde76000 	C:\WINDOWS\SYSTEM32\bcrypt.dll
0x00007ffbfdb40000 - 0x00007ffbfdb4c000 	C:\WINDOWS\SYSTEM32\CRYPTBASE.dll
0x00007ffbfcf00000 - 0x00007ffbfcf32000 	C:\WINDOWS\SYSTEM32\IPHLPAPI.DLL
0x00007ffc01180000 - 0x00007ffc0118a000 	C:\WINDOWS\System32\NSI.dll
0x00007ffbf8010000 - 0x00007ffbf802e000 	C:\WINDOWS\SYSTEM32\dhcpcsvc6.DLL
0x00007ffbf7e20000 - 0x00007ffbf7e45000 	C:\WINDOWS\SYSTEM32\dhcpcsvc.DLL
0x00007ffbfcf40000 - 0x00007ffbfd065000 	C:\WINDOWS\SYSTEM32\DNSAPI.dll
0x00007ffbf1180000 - 0x00007ffbf118e000 	C:\Program Files\Java\jdk-17.0.1\bin\sunmscapi.dll
0x00007ffbfee80000 - 0x00007ffbfeff6000 	C:\WINDOWS\System32\CRYPT32.dll
0x00007ffbfde10000 - 0x00007ffbfde40000 	C:\WINDOWS\SYSTEM32\ncrypt.dll
0x00007ffbfddc0000 - 0x00007ffbfddff000 	C:\WINDOWS\SYSTEM32\NTASN1.dll
0x00007ffbd6220000 - 0x00007ffbd6228000 	C:\WINDOWS\system32\wshunix.dll

dbghelp: loaded successfully - version: 4.0.5 - missing functions: none
symbol engine: initialized successfully - sym options: 0x614 - pdb path: .;C:\Program Files\Java\jdk-17.0.1\bin;C:\WINDOWS\SYSTEM32;C:\WINDOWS\WinSxS\amd64_microsoft.windows.common-controls_6595b64144ccf1df_6.0.26100.2454_none_3e0b68a2e331ad60;C:\Program Files\Java\jdk-17.0.1\bin\server;C:\Users\Rm\.gradle\native\c067742578af261105cb4f569cf0c3c89f3d7b1fecec35dd04571415982c5e48\windows-amd64;C:\Users\Rm\.gradle\native\100fb08df4bc3b14c8652ba06237920a3bd2aa13389f12d3474272988ae205f9\windows-amd64

VM Arguments:
jvm_args: -XX:MaxMetaspaceSize=512m --add-opens=java.base/java.util=ALL-UNNAMED --add-opens=java.base/java.lang=ALL-UNNAMED --add-opens=java.base/java.lang.invoke=ALL-UNNAMED --add-opens=java.prefs/java.util.prefs=ALL-UNNAMED --add-exports=jdk.compiler/com.sun.tools.javac.api=ALL-UNNAMED --add-exports=jdk.compiler/com.sun.tools.javac.util=ALL-UNNAMED --add-opens=java.base/java.nio.charset=ALL-UNNAMED --add-opens=java.base/java.net=ALL-UNNAMED --add-opens=java.base/java.util.concurrent.atomic=ALL-UNNAMED -Xmx2048m -Dfile.encoding=utf8 -Duser.country=PH -Duser.language=en -Duser.variant -javaagent:C:\Users\Rm\.gradle\wrapper\dists\gradle-8.10.2-all\7iv73wktx1xtkvlq19urqw1wm\gradle-8.10.2\lib\agents\gradle-instrumentation-agent-8.10.2.jar 
java_command: org.gradle.launcher.daemon.bootstrap.GradleDaemon 8.10.2
java_class_path (initial): C:\Users\Rm\.gradle\wrapper\dists\gradle-8.10.2-all\7iv73wktx1xtkvlq19urqw1wm\gradle-8.10.2\lib\gradle-daemon-main-8.10.2.jar
Launcher Type: SUN_STANDARD

[Global flags]
     intx CICompilerCount                          = 3                                         {product} {ergonomic}
   size_t CompressedClassSpaceSize                 = 432013312                                 {product} {ergonomic}
     uint ConcGCThreads                            = 1                                         {product} {ergonomic}
     uint G1ConcRefinementThreads                  = 4                                         {product} {ergonomic}
   size_t G1HeapRegionSize                         = 1048576                                   {product} {ergonomic}
    uintx GCDrainStackTargetSize                   = 64                                        {product} {ergonomic}
   size_t InitialHeapSize                          = 234881024                                 {product} {ergonomic}
   size_t MarkStackSize                            = 4194304                                   {product} {ergonomic}
   size_t MaxHeapSize                              = 2147483648                                {product} {command line}
   size_t MaxMetaspaceSize                         = 536870912                                 {product} {command line}
   size_t MaxNewSize                               = 1287651328                                {product} {ergonomic}
   size_t MinHeapDeltaBytes                        = 1048576                                   {product} {ergonomic}
   size_t MinHeapSize                              = 8388608                                   {product} {ergonomic}
    uintx NonNMethodCodeHeapSize                   = 5832780                                {pd product} {ergonomic}
    uintx NonProfiledCodeHeapSize                  = 122912730                              {pd product} {ergonomic}
    uintx ProfiledCodeHeapSize                     = 122912730                              {pd product} {ergonomic}
    uintx ReservedCodeCacheSize                    = 251658240                              {pd product} {ergonomic}
     bool SegmentedCodeCache                       = true                                      {product} {ergonomic}
   size_t SoftMaxHeapSize                          = 2147483648                             {manageable} {ergonomic}
     bool UseCompressedClassPointers               = true                           {product lp64_product} {ergonomic}
     bool UseCompressedOops                        = true                           {product lp64_product} {ergonomic}
     bool UseG1GC                                  = true                                      {product} {ergonomic}
     bool UseLargePagesIndividualAllocation        = false                                  {pd product} {ergonomic}

Logging:
Log output configuration:
 #0: stdout all=warning uptime,level,tags
 #1: stderr all=off uptime,level,tags

Environment Variables:
PATH=C:\Program Files\Common Files\Oracle\Java\javapath;C:\Program Files (x86)\Common Files\Oracle\Java\java8path;C:\Program Files (x86)\Common Files\Oracle\Java\javapath;C:\Python312\Scripts\;C:\Python312\;C:\WINDOWS\system32;C:\WINDOWS;C:\WINDOWS\System32\Wbem;C:\WINDOWS\System32\WindowsPowerShell\v1.0\;C:\WINDOWS\System32\OpenSSH\;C:\Program Files\nodejs\;C:\ProgramData\chocolatey\bin;C:\xampp\php;C:\ProgramData\ComposerSetup\bin;C:\Program Files\Docker\Docker\resources\bin;E:\Git\cmd;C:\Users\Rm\AppData\Local\Microsoft\WindowsApps;C:\Users\Rm\AppData\Local\Programs\Microsoft VS Code\bin;C:\Users\Rm\AppData\Roaming\npm;C:\Users\Rm\AppData\Roaming\Composer\vendor\bin;C:\Users\Rm\AppData\Local\Android\Sdk\platform-tools;C:\Users\Rm\AppData\Local\Android\Sdk\emulator;C:\ProgramData\chocolatey\lib\deno;C:\Users\Rm\.bun\bin;C:\Program Files\mosquitto;
USERNAME=Rm
OS=Windows_NT
PROCESSOR_IDENTIFIER=AMD64 Family 23 Model 24 Stepping 1, AuthenticAMD



---------------  S Y S T E M  ---------------

OS:
 Windows 10 , 64 bit Build 26100 (10.0.26100.2454)
OS uptime: 0 days 1:09 hours
Hyper-V role detected

CPU: total 4 (initial active 4) (4 cores per cpu, 1 threads per core) family 23 model 24 stepping 1 microcode 0x8108109, cx8, cmov, fxsr, mmx, 3dnowpref, sse, sse2, sse3, ssse3, sse4a, sse4.1, sse4.2, popcnt, lzcnt, tsc, tscinvbit, avx, avx2, aes, clmul, bmi1, bmi2, adx, sha, fma, vzeroupper, clflush, clflushopt, hv

Memory: 4k page, system-wide physical 14257M (864M free)
TotalPageFile size 19750M (AvailPageFile size 21M)
current process WorkingSet (physical memory assigned to process): 256M, peak: 257M
current process commit charge ("private bytes"): 373M, peak: 374M

vm_info: Java HotSpot(TM) 64-Bit Server VM (17.0.1+12-LTS-39) for windows-amd64 JRE (17.0.1+12-LTS-39), built on Sep 27 2021 18:41:35 by "mach5one" with MS VC++ 16.8 (VS2019)

END.
