#
# There is insufficient memory for the Java Runtime Environment to continue.
# Native memory allocation (malloc) failed to allocate 201536 bytes for Chunk::new
# Possible reasons:
#   The system is out of physical RAM or swap space
#   The process is running with CompressedOops enabled, and the Java Heap may be blocking the growth of the native heap
# Possible solutions:
#   Reduce memory load on the system
#   Increase physical memory or swap space
#   Check if swap backing store is full
#   Decrease Java heap size (-Xmx/-Xms)
#   Decrease number of Java threads
#   Decrease Java thread stack sizes (-Xss)
#   Set larger code cache with -XX:ReservedCodeCacheSize=
#   JVM is running with Unscaled Compressed Oops mode in which the Java heap is
#     placed in the first 4GB address space. The Java Heap base address is the
#     maximum limit for the native heap growth. Please use -XX:HeapBaseMinAddress
#     to set the Java Heap base and to place the Java Heap above 4GB virtual address.
# This output file may be truncated or incomplete.
#
#  Out of Memory Error (arena.cpp:189), pid=2216, tid=17428
#
# JRE version: Java(TM) SE Runtime Environment (17.0.1+12) (build 17.0.1+12-LTS-39)
# Java VM: Java HotSpot(TM) 64-Bit Server VM (17.0.1+12-LTS-39, mixed mode, sharing, tiered, compressed oops, compressed class ptrs, g1 gc, windows-amd64)
# No core dump will be written. Minidumps are not enabled by default on client versions of Windows
#

---------------  S U M M A R Y ------------

Command Line: -XX:MaxMetaspaceSize=512m --add-opens=java.base/java.util=ALL-UNNAMED --add-opens=java.base/java.lang=ALL-UNNAMED --add-opens=java.base/java.lang.invoke=ALL-UNNAMED --add-opens=java.prefs/java.util.prefs=ALL-UNNAMED --add-exports=jdk.compiler/com.sun.tools.javac.api=ALL-UNNAMED --add-exports=jdk.compiler/com.sun.tools.javac.util=ALL-UNNAMED --add-opens=java.base/java.nio.charset=ALL-UNNAMED --add-opens=java.base/java.net=ALL-UNNAMED --add-opens=java.base/java.util.concurrent.atomic=ALL-UNNAMED -Xmx2048m -Dfile.encoding=utf8 -Duser.country=PH -Duser.language=en -Duser.variant -javaagent:C:\Users\Rm\.gradle\wrapper\dists\gradle-8.10.2-all\7iv73wktx1xtkvlq19urqw1wm\gradle-8.10.2\lib\agents\gradle-instrumentation-agent-8.10.2.jar org.gradle.launcher.daemon.bootstrap.GradleDaemon 8.10.2

Host: AMD Ryzen 3 3200G with Radeon Vega Graphics    , 4 cores, 13G,  Windows 10 , 64 bit Build 26100 (10.0.26100.2454)
Time: Thu Jan 30 09:44:04 2025 Malay Peninsula Standard Time elapsed time: 32.092672 seconds (0d 0h 0m 32s)

---------------  T H R E A D  ---------------

Current thread (0x000001f646c62e90):  JavaThread "C2 CompilerThread1" daemon [_thread_in_native, id=17428, stack(0x0000000723b00000,0x0000000723c00000)]


Current CompileTask:
C2:  32092 11258 %     4       java.io.ObjectOutputStream$BlockDataOutputStream::writeBytes @ 95 (144 bytes)

Stack: [0x0000000723b00000,0x0000000723c00000]
Native frames: (J=compiled Java code, j=interpreted, Vv=VM code, C=native code)
V  [jvm.dll+0x66fa1a]
V  [jvm.dll+0x7ce5a4]
V  [jvm.dll+0x7cfd4e]
V  [jvm.dll+0x7d03b3]
V  [jvm.dll+0x242b05]
V  [jvm.dll+0xaa05b]
V  [jvm.dll+0xaa5ec]
V  [jvm.dll+0x2a953f]
V  [jvm.dll+0x5785a9]
V  [jvm.dll+0x21dd7d]
V  [jvm.dll+0x21e15f]
V  [jvm.dll+0x217a2a]
V  [jvm.dll+0x214f05]
V  [jvm.dll+0x1a168d]
V  [jvm.dll+0x224848]
V  [jvm.dll+0x2229ac]
V  [jvm.dll+0x78435b]
V  [jvm.dll+0x77e91a]
V  [jvm.dll+0x66e845]
C  [ucrtbase.dll+0x14ea0]
C  [KERNEL32.DLL+0x2e8d7]
C  [ntdll.dll+0xdfbcc]


---------------  P R O C E S S  ---------------

Threads class SMR info:
_java_thread_list=0x000001f642462a10, length=88, elements={
0x000001f622644b40, 0x000001f640700b50, 0x000001f6407025c0, 0x000001f64071ab30,
0x000001f64071d400, 0x000001f64071dcc0, 0x000001f64071f4c0, 0x000001f6407235b0,
0x000001f640727680, 0x000001f6407255d0, 0x000001f6411d7710, 0x000001f6412864d0,
0x000001f642d16050, 0x000001f642176b50, 0x000001f642cb78e0, 0x000001f64213fa20,
0x000001f642d707d0, 0x000001f64306c8b0, 0x000001f64234d0a0, 0x000001f642bbcf40,
0x000001f642bbd410, 0x000001f642bbd8e0, 0x000001f642bbddb0, 0x000001f642bbe280,
0x000001f642bbc0d0, 0x000001f642bbe750, 0x000001f642bbec20, 0x000001f642bbc5a0,
0x000001f642bbca70, 0x000001f642bbf0f0, 0x000001f642bbf5c0, 0x000001f645491290,
0x000001f645490420, 0x000001f645491c30, 0x000001f64548fa80, 0x000001f645492f70,
0x000001f645493440, 0x000001f64548ff50, 0x000001f645493de0, 0x000001f6454942b0,
0x000001f6454908f0, 0x000001f645496e00, 0x000001f645495ac0, 0x000001f645494c50,
0x000001f645495120, 0x000001f6454955f0, 0x000001f645495f90, 0x000001f645496460,
0x000001f645496930, 0x000001f64363ea20, 0x000001f64363d210, 0x000001f64363cd40,
0x000001f64363c3a0, 0x000001f64363d6e0, 0x000001f64363f3c0, 0x000001f64363ba00,
0x000001f643640bd0, 0x000001f6436410a0, 0x000001f643641a40, 0x000001f643641570,
0x000001f64363f890, 0x000001f643641f10, 0x000001f6436423e0, 0x000001f64363fd60,
0x000001f643640230, 0x000001f6436428b0, 0x000001f649b14a10, 0x000001f649b12d30,
0x000001f649b136d0, 0x000001f649b14540, 0x000001f649b119f0, 0x000001f649b11520,
0x000001f649b12860, 0x000001f649b11ec0, 0x000001f649b11050, 0x000001f649b14ee0,
0x000001f649b13200, 0x000001f649b153b0, 0x000001f649b13ba0, 0x000001f649b14070,
0x000001f649b15880, 0x000001f649b15d50, 0x000001f649b12390, 0x000001f649b183d0,
0x000001f649b16220, 0x000001f649b17a30, 0x000001f649b16bc0, 0x000001f646c62e90
}

Java Threads: ( => current thread )
  0x000001f622644b40 JavaThread "main" [_thread_blocked, id=8256, stack(0x000000071da00000,0x000000071db00000)]
  0x000001f640700b50 JavaThread "Reference Handler" daemon [_thread_blocked, id=2312, stack(0x000000071e100000,0x000000071e200000)]
  0x000001f6407025c0 JavaThread "Finalizer" daemon [_thread_blocked, id=13920, stack(0x000000071e200000,0x000000071e300000)]
  0x000001f64071ab30 JavaThread "Signal Dispatcher" daemon [_thread_blocked, id=3788, stack(0x000000071e300000,0x000000071e400000)]
  0x000001f64071d400 JavaThread "Attach Listener" daemon [_thread_blocked, id=14088, stack(0x000000071e400000,0x000000071e500000)]
  0x000001f64071dcc0 JavaThread "Service Thread" daemon [_thread_blocked, id=14256, stack(0x000000071e500000,0x000000071e600000)]
  0x000001f64071f4c0 JavaThread "Monitor Deflation Thread" daemon [_thread_blocked, id=520, stack(0x000000071e600000,0x000000071e700000)]
  0x000001f6407235b0 JavaThread "C2 CompilerThread0" daemon [_thread_blocked, id=16452, stack(0x000000071e700000,0x000000071e800000)]
  0x000001f640727680 JavaThread "C1 CompilerThread0" daemon [_thread_blocked, id=16516, stack(0x000000071e800000,0x000000071e900000)]
  0x000001f6407255d0 JavaThread "Sweeper thread" daemon [_thread_blocked, id=8792, stack(0x000000071e900000,0x000000071ea00000)]
  0x000001f6411d7710 JavaThread "Common-Cleaner" daemon [_thread_blocked, id=12736, stack(0x000000071ea00000,0x000000071eb00000)]
  0x000001f6412864d0 JavaThread "Notification Thread" daemon [_thread_blocked, id=6080, stack(0x000000071eb00000,0x000000071ec00000)]
  0x000001f642d16050 JavaThread "Daemon health stats" [_thread_blocked, id=16564, stack(0x000000071f100000,0x000000071f200000)]
  0x000001f642176b50 JavaThread "Incoming local TCP Connector on port 63391" [_thread_in_native, id=14860, stack(0x000000071f200000,0x000000071f300000)]
  0x000001f642cb78e0 JavaThread "Daemon periodic checks" [_thread_blocked, id=10516, stack(0x000000071f300000,0x000000071f400000)]
  0x000001f64213fa20 JavaThread "Daemon" [_thread_blocked, id=2628, stack(0x000000071f400000,0x000000071f500000)]
  0x000001f642d707d0 JavaThread "Handler for socket connection from /127.0.0.1:63391 to /127.0.0.1:63393" [_thread_in_native, id=14628, stack(0x000000071f500000,0x000000071f600000)]
  0x000001f64306c8b0 JavaThread "Cancel handler" [_thread_blocked, id=8316, stack(0x000000071f600000,0x000000071f700000)]
  0x000001f64234d0a0 JavaThread "Daemon worker" [_thread_in_vm, id=14684, stack(0x000000071f700000,0x000000071f800000)]
  0x000001f642bbcf40 JavaThread "Asynchronous log dispatcher for DefaultDaemonConnection: socket connection from /127.0.0.1:63391 to /127.0.0.1:63393" [_thread_blocked, id=6496, stack(0x000000071f800000,0x000000071f900000)]
  0x000001f642bbd410 JavaThread "Stdin handler" [_thread_blocked, id=16244, stack(0x000000071f900000,0x000000071fa00000)]
  0x000001f642bbd8e0 JavaThread "Daemon client event forwarder" [_thread_blocked, id=11616, stack(0x000000071fa00000,0x000000071fb00000)]
  0x000001f642bbddb0 JavaThread "Cache worker for journal cache (C:\Users\Rm\.gradle\caches\journal-1)" [_thread_blocked, id=13888, stack(0x000000071ed00000,0x000000071ee00000)]
  0x000001f642bbe280 JavaThread "File lock request listener" [_thread_in_native, id=13972, stack(0x000000071fb00000,0x000000071fc00000)]
  0x000001f642bbc0d0 JavaThread "Cache worker for file hash cache (C:\Users\Rm\.gradle\caches\8.10.2\fileHashes)" [_thread_blocked, id=5696, stack(0x000000071fc00000,0x000000071fd00000)]
  0x000001f642bbe750 JavaThread "Cache worker for file hash cache (E:\recycOil\my-app\android\.gradle\8.10.2\fileHashes)" [_thread_blocked, id=9896, stack(0x000000071fe00000,0x000000071ff00000)]
  0x000001f642bbec20 JavaThread "Cache worker for Build Output Cleanup Cache (E:\recycOil\my-app\android\.gradle\buildOutputCleanup)" [_thread_blocked, id=18676, stack(0x000000071ff00000,0x0000000720000000)]
  0x000001f642bbc5a0 JavaThread "File watcher server" daemon [_thread_in_native, id=8736, stack(0x0000000720000000,0x0000000720100000)]
  0x000001f642bbca70 JavaThread "File watcher consumer" daemon [_thread_blocked, id=14756, stack(0x0000000720100000,0x0000000720200000)]
  0x000001f642bbf0f0 JavaThread "Cache worker for checksums cache (E:\recycOil\my-app\android\.gradle\8.10.2\checksums)" [_thread_blocked, id=2672, stack(0x0000000720200000,0x0000000720300000)]
  0x000001f642bbf5c0 JavaThread "Cache worker for file content cache (C:\Users\Rm\.gradle\caches\8.10.2\fileContent)" [_thread_blocked, id=17844, stack(0x0000000720300000,0x0000000720400000)]
  0x000001f645491290 JavaThread "Cache worker for cache directory md-rule (C:\Users\Rm\.gradle\caches\8.10.2\md-rule)" [_thread_blocked, id=14280, stack(0x0000000720400000,0x0000000720500000)]
  0x000001f645490420 JavaThread "Cache worker for cache directory md-supplier (C:\Users\Rm\.gradle\caches\8.10.2\md-supplier)" [_thread_blocked, id=3032, stack(0x0000000720500000,0x0000000720600000)]
  0x000001f645491c30 JavaThread "jar transforms" [_thread_blocked, id=4812, stack(0x0000000720600000,0x0000000720700000)]
  0x000001f64548fa80 JavaThread "jar transforms Thread 2" [_thread_blocked, id=7164, stack(0x0000000720700000,0x0000000720800000)]
  0x000001f645492f70 JavaThread "jar transforms Thread 3" [_thread_blocked, id=6348, stack(0x0000000720900000,0x0000000720a00000)]
  0x000001f645493440 JavaThread "Cache worker for Build Output Cleanup Cache (E:\recycOil\my-app\node_modules\@react-native\gradle-plugin\.gradle\buildOutputCleanup)" [_thread_blocked, id=18068, stack(0x000000071fd00000,0x000000071fe00000)]
  0x000001f64548ff50 JavaThread "Unconstrained build operations" [_thread_blocked, id=10720, stack(0x0000000720a00000,0x0000000720b00000)]
  0x000001f645493de0 JavaThread "Unconstrained build operations Thread 2" [_thread_blocked, id=19152, stack(0x0000000720b00000,0x0000000720c00000)]
  0x000001f6454942b0 JavaThread "Unconstrained build operations Thread 3" [_thread_blocked, id=14172, stack(0x0000000720d00000,0x0000000720e00000)]
  0x000001f6454908f0 JavaThread "Unconstrained build operations Thread 4" [_thread_blocked, id=9144, stack(0x0000000720e00000,0x0000000720f00000)]
  0x000001f645496e00 JavaThread "Unconstrained build operations Thread 5" [_thread_blocked, id=8032, stack(0x0000000720f00000,0x0000000721000000)]
  0x000001f645495ac0 JavaThread "Unconstrained build operations Thread 6" [_thread_blocked, id=1976, stack(0x0000000721000000,0x0000000721100000)]
  0x000001f645494c50 JavaThread "Unconstrained build operations Thread 7" [_thread_blocked, id=10556, stack(0x0000000720c00000,0x0000000720d00000)]
  0x000001f645495120 JavaThread "Unconstrained build operations Thread 8" [_thread_blocked, id=16568, stack(0x0000000721100000,0x0000000721200000)]
  0x000001f6454955f0 JavaThread "Unconstrained build operations Thread 9" [_thread_blocked, id=2736, stack(0x0000000721200000,0x0000000721300000)]
  0x000001f645495f90 JavaThread "Unconstrained build operations Thread 10" [_thread_blocked, id=17888, stack(0x0000000721300000,0x0000000721400000)]
  0x000001f645496460 JavaThread "Unconstrained build operations Thread 11" [_thread_blocked, id=13828, stack(0x0000000721400000,0x0000000721500000)]
  0x000001f645496930 JavaThread "Unconstrained build operations Thread 12" [_thread_blocked, id=15988, stack(0x0000000721500000,0x0000000721600000)]
  0x000001f64363ea20 JavaThread "Unconstrained build operations Thread 13" [_thread_blocked, id=1672, stack(0x0000000721600000,0x0000000721700000)]
  0x000001f64363d210 JavaThread "Unconstrained build operations Thread 14" [_thread_blocked, id=9972, stack(0x0000000721700000,0x0000000721800000)]
  0x000001f64363cd40 JavaThread "Unconstrained build operations Thread 15" [_thread_blocked, id=13268, stack(0x0000000721800000,0x0000000721900000)]
  0x000001f64363c3a0 JavaThread "Memory manager" [_thread_blocked, id=9528, stack(0x0000000721a00000,0x0000000721b00000)]
  0x000001f64363d6e0 JavaThread "build event listener" [_thread_blocked, id=14020, stack(0x0000000721b00000,0x0000000721c00000)]
  0x000001f64363f3c0 JavaThread "ForkJoinPool.commonPool-worker-1" daemon [_thread_blocked, id=3516, stack(0x0000000721c00000,0x0000000721d00000)]
  0x000001f64363ba00 JavaThread "ForkJoinPool.commonPool-worker-2" daemon [_thread_blocked, id=12972, stack(0x0000000721d00000,0x0000000721e00000)]
  0x000001f643640bd0 JavaThread "ForkJoinPool.commonPool-worker-3" daemon [_thread_blocked, id=15336, stack(0x0000000721e00000,0x0000000721f00000)]
  0x000001f6436410a0 JavaThread "Exec process" daemon [_thread_blocked, id=14356, stack(0x0000000721f00000,0x0000000722000000)]
  0x000001f643641a40 JavaThread "Exec process Thread 2" daemon [_thread_blocked, id=14204, stack(0x0000000722000000,0x0000000722100000)]
  0x000001f643641570 JavaThread "Exec process Thread 3" daemon [_thread_blocked, id=7388, stack(0x0000000722100000,0x0000000722200000)]
  0x000001f64363f890 JavaThread "included builds" [_thread_blocked, id=15608, stack(0x0000000722200000,0x0000000722300000)]
  0x000001f643641f10 JavaThread "Execution worker" [_thread_blocked, id=18560, stack(0x0000000722300000,0x0000000722400000)]
  0x000001f6436423e0 JavaThread "Execution worker Thread 2" [_thread_blocked, id=13588, stack(0x0000000722400000,0x0000000722500000)]
  0x000001f64363fd60 JavaThread "Execution worker Thread 3" [_thread_blocked, id=12060, stack(0x0000000722500000,0x0000000722600000)]
  0x000001f643640230 JavaThread "Cache worker for execution history cache (E:\recycOil\my-app\node_modules\@react-native\gradle-plugin\.gradle\8.10.2\executionHistory)" [_thread_blocked, id=18644, stack(0x0000000722600000,0x0000000722700000)]
  0x000001f6436428b0 JavaThread "Unconstrained build operations Thread 16" [_thread_blocked, id=18096, stack(0x0000000721900000,0x0000000721a00000)]
  0x000001f649b14a10 JavaThread "Unconstrained build operations Thread 17" [_thread_blocked, id=15668, stack(0x0000000722700000,0x0000000722800000)]
  0x000001f649b12d30 JavaThread "Unconstrained build operations Thread 18" [_thread_blocked, id=19200, stack(0x0000000722800000,0x0000000722900000)]
  0x000001f649b136d0 JavaThread "Unconstrained build operations Thread 19" [_thread_blocked, id=13332, stack(0x0000000722900000,0x0000000722a00000)]
  0x000001f649b14540 JavaThread "Unconstrained build operations Thread 20" [_thread_blocked, id=5772, stack(0x0000000722a00000,0x0000000722b00000)]
  0x000001f649b119f0 JavaThread "Unconstrained build operations Thread 21" [_thread_blocked, id=7348, stack(0x0000000722b00000,0x0000000722c00000)]
  0x000001f649b11520 JavaThread "Unconstrained build operations Thread 22" [_thread_blocked, id=10460, stack(0x0000000722c00000,0x0000000722d00000)]
  0x000001f649b12860 JavaThread "Unconstrained build operations Thread 23" [_thread_blocked, id=14872, stack(0x0000000722d00000,0x0000000722e00000)]
  0x000001f649b11ec0 JavaThread "Unconstrained build operations Thread 24" [_thread_blocked, id=10976, stack(0x0000000722e00000,0x0000000722f00000)]
  0x000001f649b11050 JavaThread "Unconstrained build operations Thread 25" [_thread_blocked, id=7696, stack(0x0000000722f00000,0x0000000723000000)]
  0x000001f649b14ee0 JavaThread "Unconstrained build operations Thread 26" [_thread_blocked, id=18780, stack(0x0000000723000000,0x0000000723100000)]
  0x000001f649b13200 JavaThread "Unconstrained build operations Thread 27" [_thread_blocked, id=13028, stack(0x0000000723100000,0x0000000723200000)]
  0x000001f649b153b0 JavaThread "Unconstrained build operations Thread 28" [_thread_blocked, id=11848, stack(0x0000000723200000,0x0000000723300000)]
  0x000001f649b13ba0 JavaThread "Unconstrained build operations Thread 29" [_thread_blocked, id=11024, stack(0x0000000723300000,0x0000000723400000)]
  0x000001f649b14070 JavaThread "Unconstrained build operations Thread 30" [_thread_blocked, id=19176, stack(0x0000000723400000,0x0000000723500000)]
  0x000001f649b15880 JavaThread "Unconstrained build operations Thread 31" [_thread_blocked, id=16276, stack(0x0000000723500000,0x0000000723600000)]
  0x000001f649b15d50 JavaThread "Unconstrained build operations Thread 32" [_thread_blocked, id=9392, stack(0x0000000723600000,0x0000000723700000)]
  0x000001f649b12390 JavaThread "Unconstrained build operations Thread 33" [_thread_blocked, id=4644, stack(0x0000000723700000,0x0000000723800000)]
  0x000001f649b183d0 JavaThread "Unconstrained build operations Thread 34" [_thread_blocked, id=12916, stack(0x000000071d900000,0x000000071da00000)]
  0x000001f649b16220 JavaThread "Unconstrained build operations Thread 35" [_thread_blocked, id=12956, stack(0x0000000723800000,0x0000000723900000)]
  0x000001f649b17a30 JavaThread "Unconstrained build operations Thread 36" [_thread_blocked, id=11312, stack(0x0000000723900000,0x0000000723a00000)]
  0x000001f649b16bc0 JavaThread "jar transforms Thread 4" [_thread_blocked, id=4168, stack(0x0000000723a00000,0x0000000723b00000)]
=>0x000001f646c62e90 JavaThread "C2 CompilerThread1" daemon [_thread_in_native, id=17428, stack(0x0000000723b00000,0x0000000723c00000)]

Other Threads:
  0x000001f6406fcd70 VMThread "VM Thread" [stack: 0x000000071e000000,0x000000071e100000] [id=4524]
  0x000001f641274f50 WatcherThread [stack: 0x000000071ec00000,0x000000071ed00000] [id=7152]
  0x000001f6226861e0 GCTaskThread "GC Thread#0" [stack: 0x000000071db00000,0x000000071dc00000] [id=13524]
  0x000001f641383440 GCTaskThread "GC Thread#1" [stack: 0x000000071ee00000,0x000000071ef00000] [id=16740]
  0x000001f6413836f0 GCTaskThread "GC Thread#2" [stack: 0x000000071ef00000,0x000000071f000000] [id=2540]
  0x000001f64156d670 GCTaskThread "GC Thread#3" [stack: 0x000000071f000000,0x000000071f100000] [id=11168]
  0x000001f622697d00 ConcurrentGCThread "G1 Main Marker" [stack: 0x000000071dc00000,0x000000071dd00000] [id=12392]
  0x000001f622698dc0 ConcurrentGCThread "G1 Conc#0" [stack: 0x000000071dd00000,0x000000071de00000] [id=19428]
  0x000001f62270e7e0 ConcurrentGCThread "G1 Refine#0" [stack: 0x000000071de00000,0x000000071df00000] [id=17024]
  0x000001f645099810 ConcurrentGCThread "G1 Refine#1" [stack: 0x0000000720800000,0x0000000720900000] [id=14808]
  0x000001f6405b30e0 ConcurrentGCThread "G1 Service" [stack: 0x000000071df00000,0x000000071e000000] [id=18972]

Threads with active compile tasks:
C2 CompilerThread1    32152 11258 %     4       java.io.ObjectOutputStream$BlockDataOutputStream::writeBytes @ 95 (144 bytes)

VM state: not at safepoint (normal execution)

VM Mutex/Monitor currently owned by a thread: None

Heap address: 0x0000000080000000, size: 2048 MB, Compressed Oops mode: 32-bit

CDS archive(s) mapped at: [0x0000000800000000-0x0000000800bc0000-0x0000000800bc0000), size 12320768, SharedBaseAddress: 0x0000000800000000, ArchiveRelocationMode: 0.
Compressed class space mapped at: 0x0000000800c00000-0x000000081a800000, reserved size: 432013312
Narrow klass base: 0x0000000800000000, Narrow klass shift: 0, Narrow klass range: 0x100000000

GC Precious Log:
 CPUs: 4 total, 4 available
 Memory: 14257M
 Large Page Support: Disabled
 NUMA Support: Disabled
 Compressed Oops: Enabled (32-bit)
 Heap Region Size: 1M
 Heap Min Capacity: 8M
 Heap Initial Capacity: 224M
 Heap Max Capacity: 2G
 Pre-touch: Disabled
 Parallel Workers: 4
 Concurrent Workers: 1
 Concurrent Refinement Workers: 4
 Periodic GC: Disabled

Heap:
 garbage-first heap   total 142336K, used 105362K [0x0000000080000000, 0x0000000100000000)
  region size 1024K, 23 young (23552K), 4 survivors (4096K)
 Metaspace       used 80488K, committed 81408K, reserved 495616K
  class space    used 11410K, committed 11840K, reserved 421888K

Heap Regions: E=young(eden), S=young(survivor), O=old, HS=humongous(starts), HC=humongous(continues), CS=collection set, F=free, OA=open archive, CA=closed archive, TAMS=top-at-mark-start (previous, next)
|   0|0x0000000080000000, 0x0000000080100000, 0x0000000080100000|100%|HS|  |TAMS 0x0000000080100000, 0x0000000080000000| Complete 
|   1|0x0000000080100000, 0x0000000080200000, 0x0000000080200000|100%|HC|  |TAMS 0x0000000080200000, 0x0000000080100000| Complete 
|   2|0x0000000080200000, 0x0000000080300000, 0x0000000080300000|100%|HC|  |TAMS 0x0000000080300000, 0x0000000080200000| Complete 
|   3|0x0000000080300000, 0x0000000080400000, 0x0000000080400000|100%|HC|  |TAMS 0x0000000080400000, 0x0000000080300000| Complete 
|   4|0x0000000080400000, 0x0000000080500000, 0x0000000080500000|100%| O|  |TAMS 0x0000000080500000, 0x0000000080400000| Untracked 
|   5|0x0000000080500000, 0x0000000080600000, 0x0000000080600000|100%| O|  |TAMS 0x0000000080600000, 0x0000000080500000| Untracked 
|   6|0x0000000080600000, 0x0000000080700000, 0x0000000080700000|100%| O|  |TAMS 0x0000000080700000, 0x0000000080600000| Untracked 
|   7|0x0000000080700000, 0x0000000080800000, 0x0000000080800000|100%| O|  |TAMS 0x0000000080800000, 0x0000000080700000| Untracked 
|   8|0x0000000080800000, 0x0000000080900000, 0x0000000080900000|100%|HS|  |TAMS 0x0000000080900000, 0x0000000080800000| Complete 
|   9|0x0000000080900000, 0x0000000080a00000, 0x0000000080a00000|100%| O|  |TAMS 0x0000000080a00000, 0x0000000080900000| Untracked 
|  10|0x0000000080a00000, 0x0000000080b00000, 0x0000000080b00000|100%| O|  |TAMS 0x0000000080b00000, 0x0000000080a00000| Untracked 
|  11|0x0000000080b00000, 0x0000000080c00000, 0x0000000080c00000|100%| O|  |TAMS 0x0000000080c00000, 0x0000000080b00000| Untracked 
|  12|0x0000000080c00000, 0x0000000080d00000, 0x0000000080d00000|100%| O|  |TAMS 0x0000000080d00000, 0x0000000080c00000| Untracked 
|  13|0x0000000080d00000, 0x0000000080e00000, 0x0000000080e00000|100%| O|  |TAMS 0x0000000080e00000, 0x0000000080d00000| Untracked 
|  14|0x0000000080e00000, 0x0000000080f00000, 0x0000000080f00000|100%| O|  |TAMS 0x0000000080f00000, 0x0000000080e00000| Untracked 
|  15|0x0000000080f00000, 0x0000000081000000, 0x0000000081000000|100%| O|  |TAMS 0x0000000081000000, 0x0000000080f00000| Untracked 
|  16|0x0000000081000000, 0x0000000081100000, 0x0000000081100000|100%| O|  |TAMS 0x0000000081100000, 0x0000000081000000| Untracked 
|  17|0x0000000081100000, 0x0000000081200000, 0x0000000081200000|100%| O|  |TAMS 0x0000000081200000, 0x0000000081100000| Untracked 
|  18|0x0000000081200000, 0x0000000081300000, 0x0000000081300000|100%| O|  |TAMS 0x0000000081300000, 0x0000000081200000| Untracked 
|  19|0x0000000081300000, 0x0000000081400000, 0x0000000081400000|100%| O|  |TAMS 0x0000000081400000, 0x0000000081300000| Untracked 
|  20|0x0000000081400000, 0x0000000081500000, 0x0000000081500000|100%| O|  |TAMS 0x0000000081500000, 0x0000000081400000| Untracked 
|  21|0x0000000081500000, 0x0000000081600000, 0x0000000081600000|100%| O|  |TAMS 0x0000000081600000, 0x0000000081500000| Untracked 
|  22|0x0000000081600000, 0x0000000081700000, 0x0000000081700000|100%| O|  |TAMS 0x0000000081700000, 0x0000000081600000| Untracked 
|  23|0x0000000081700000, 0x0000000081800000, 0x0000000081800000|100%| O|  |TAMS 0x0000000081800000, 0x0000000081700000| Untracked 
|  24|0x0000000081800000, 0x0000000081900000, 0x0000000081900000|100%| O|  |TAMS 0x0000000081900000, 0x0000000081800000| Untracked 
|  25|0x0000000081900000, 0x0000000081a00000, 0x0000000081a00000|100%| O|  |TAMS 0x0000000081a00000, 0x0000000081900000| Untracked 
|  26|0x0000000081a00000, 0x0000000081b00000, 0x0000000081b00000|100%| O|  |TAMS 0x0000000081b00000, 0x0000000081a00000| Untracked 
|  27|0x0000000081b00000, 0x0000000081c00000, 0x0000000081c00000|100%| O|  |TAMS 0x0000000081c00000, 0x0000000081b00000| Untracked 
|  28|0x0000000081c00000, 0x0000000081d00000, 0x0000000081d00000|100%| O|  |TAMS 0x0000000081d00000, 0x0000000081c00000| Untracked 
|  29|0x0000000081d00000, 0x0000000081e00000, 0x0000000081e00000|100%| O|  |TAMS 0x0000000081e00000, 0x0000000081d00000| Untracked 
|  30|0x0000000081e00000, 0x0000000081f00000, 0x0000000081f00000|100%| O|  |TAMS 0x0000000081f00000, 0x0000000081e00000| Untracked 
|  31|0x0000000081f00000, 0x0000000082000000, 0x0000000082000000|100%| O|  |TAMS 0x0000000082000000, 0x0000000081f00000| Untracked 
|  32|0x0000000082000000, 0x0000000082100000, 0x0000000082100000|100%| O|  |TAMS 0x0000000082100000, 0x0000000082000000| Untracked 
|  33|0x0000000082100000, 0x0000000082200000, 0x0000000082200000|100%| O|  |TAMS 0x0000000082200000, 0x0000000082100000| Untracked 
|  34|0x0000000082200000, 0x0000000082300000, 0x0000000082300000|100%| O|  |TAMS 0x0000000082300000, 0x0000000082200000| Untracked 
|  35|0x0000000082300000, 0x0000000082400000, 0x0000000082400000|100%| O|  |TAMS 0x0000000082400000, 0x0000000082300000| Untracked 
|  36|0x0000000082400000, 0x0000000082500000, 0x0000000082500000|100%| O|  |TAMS 0x0000000082500000, 0x0000000082400000| Untracked 
|  37|0x0000000082500000, 0x0000000082600000, 0x0000000082600000|100%| O|  |TAMS 0x0000000082600000, 0x0000000082500000| Untracked 
|  38|0x0000000082600000, 0x0000000082700000, 0x0000000082700000|100%| O|  |TAMS 0x0000000082700000, 0x0000000082600000| Untracked 
|  39|0x0000000082700000, 0x0000000082800000, 0x0000000082800000|100%| O|  |TAMS 0x0000000082800000, 0x0000000082700000| Untracked 
|  40|0x0000000082800000, 0x0000000082900000, 0x0000000082900000|100%| O|  |TAMS 0x0000000082900000, 0x0000000082800000| Untracked 
|  41|0x0000000082900000, 0x0000000082a00000, 0x0000000082a00000|100%| O|  |TAMS 0x0000000082a00000, 0x0000000082900000| Untracked 
|  42|0x0000000082a00000, 0x0000000082b00000, 0x0000000082b00000|100%| O|  |TAMS 0x0000000082b00000, 0x0000000082a00000| Untracked 
|  43|0x0000000082b00000, 0x0000000082c00000, 0x0000000082c00000|100%| O|  |TAMS 0x0000000082c00000, 0x0000000082b00000| Untracked 
|  44|0x0000000082c00000, 0x0000000082d00000, 0x0000000082d00000|100%| O|  |TAMS 0x0000000082d00000, 0x0000000082c00000| Untracked 
|  45|0x0000000082d00000, 0x0000000082e00000, 0x0000000082e00000|100%| O|  |TAMS 0x0000000082e00000, 0x0000000082d00000| Untracked 
|  46|0x0000000082e00000, 0x0000000082f00000, 0x0000000082f00000|100%| O|  |TAMS 0x0000000082f00000, 0x0000000082e00000| Untracked 
|  47|0x0000000082f00000, 0x0000000083000000, 0x0000000083000000|100%| O|  |TAMS 0x0000000083000000, 0x0000000082f00000| Untracked 
|  48|0x0000000083000000, 0x0000000083100000, 0x0000000083100000|100%| O|  |TAMS 0x0000000083100000, 0x0000000083000000| Untracked 
|  49|0x0000000083100000, 0x0000000083200000, 0x0000000083200000|100%| O|  |TAMS 0x0000000083200000, 0x0000000083100000| Untracked 
|  50|0x0000000083200000, 0x0000000083300000, 0x0000000083300000|100%|HS|  |TAMS 0x0000000083300000, 0x0000000083200000| Complete 
|  51|0x0000000083300000, 0x0000000083400000, 0x0000000083400000|100%|HC|  |TAMS 0x0000000083400000, 0x0000000083300000| Complete 
|  52|0x0000000083400000, 0x0000000083500000, 0x0000000083500000|100%|HS|  |TAMS 0x0000000083500000, 0x0000000083400000| Complete 
|  53|0x0000000083500000, 0x0000000083600000, 0x0000000083600000|100%|HC|  |TAMS 0x0000000083600000, 0x0000000083500000| Complete 
|  54|0x0000000083600000, 0x0000000083700000, 0x0000000083700000|100%| O|  |TAMS 0x0000000083700000, 0x0000000083600000| Untracked 
|  55|0x0000000083700000, 0x0000000083800000, 0x0000000083800000|100%| O|  |TAMS 0x0000000083800000, 0x0000000083700000| Untracked 
|  56|0x0000000083800000, 0x0000000083900000, 0x0000000083900000|100%|HS|  |TAMS 0x0000000083900000, 0x0000000083800000| Complete 
|  57|0x0000000083900000, 0x0000000083a00000, 0x0000000083a00000|100%|HC|  |TAMS 0x0000000083a00000, 0x0000000083900000| Complete 
|  58|0x0000000083a00000, 0x0000000083b00000, 0x0000000083b00000|100%|HC|  |TAMS 0x0000000083b00000, 0x0000000083a00000| Complete 
|  59|0x0000000083b00000, 0x0000000083c00000, 0x0000000083c00000|100%|HC|  |TAMS 0x0000000083c00000, 0x0000000083b00000| Complete 
|  60|0x0000000083c00000, 0x0000000083d00000, 0x0000000083d00000|100%|HS|  |TAMS 0x0000000083d00000, 0x0000000083c00000| Complete 
|  61|0x0000000083d00000, 0x0000000083e00000, 0x0000000083e00000|100%|HC|  |TAMS 0x0000000083e00000, 0x0000000083d00000| Complete 
|  62|0x0000000083e00000, 0x0000000083f00000, 0x0000000083f00000|100%|HC|  |TAMS 0x0000000083f00000, 0x0000000083e00000| Complete 
|  63|0x0000000083f00000, 0x0000000084000000, 0x0000000084000000|100%|HC|  |TAMS 0x0000000084000000, 0x0000000083f00000| Complete 
|  64|0x0000000084000000, 0x0000000084100000, 0x0000000084100000|100%| O|  |TAMS 0x0000000084100000, 0x0000000084000000| Untracked 
|  65|0x0000000084100000, 0x0000000084200000, 0x0000000084200000|100%| O|  |TAMS 0x0000000084200000, 0x0000000084100000| Untracked 
|  66|0x0000000084200000, 0x0000000084300000, 0x0000000084300000|100%| O|  |TAMS 0x0000000084300000, 0x0000000084200000| Untracked 
|  67|0x0000000084300000, 0x0000000084400000, 0x0000000084400000|100%| O|  |TAMS 0x0000000084400000, 0x0000000084300000| Untracked 
|  68|0x0000000084400000, 0x0000000084400000, 0x0000000084500000|  0%| F|  |TAMS 0x0000000084400000, 0x0000000084400000| Untracked 
|  69|0x0000000084500000, 0x0000000084600000, 0x0000000084600000|100%| O|  |TAMS 0x0000000084600000, 0x0000000084500000| Untracked 
|  70|0x0000000084600000, 0x0000000084700000, 0x0000000084700000|100%| O|  |TAMS 0x0000000084700000, 0x0000000084600000| Untracked 
|  71|0x0000000084700000, 0x0000000084800000, 0x0000000084800000|100%| O|  |TAMS 0x0000000084800000, 0x0000000084700000| Untracked 
|  72|0x0000000084800000, 0x0000000084900000, 0x0000000084900000|100%| O|  |TAMS 0x0000000084900000, 0x0000000084800000| Untracked 
|  73|0x0000000084900000, 0x0000000084a00000, 0x0000000084a00000|100%| O|  |TAMS 0x0000000084a00000, 0x0000000084900000| Untracked 
|  74|0x0000000084a00000, 0x0000000084b00000, 0x0000000084b00000|100%| O|  |TAMS 0x0000000084b00000, 0x0000000084a00000| Untracked 
|  75|0x0000000084b00000, 0x0000000084b00000, 0x0000000084c00000|  0%| F|  |TAMS 0x0000000084b00000, 0x0000000084b00000| Untracked 
|  76|0x0000000084c00000, 0x0000000084d00000, 0x0000000084d00000|100%| O|  |TAMS 0x0000000084d00000, 0x0000000084c00000| Untracked 
|  77|0x0000000084d00000, 0x0000000084e00000, 0x0000000084e00000|100%| O|  |TAMS 0x0000000084d9a800, 0x0000000084d00000| Untracked 
|  78|0x0000000084e00000, 0x0000000084f00000, 0x0000000084f00000|100%| O|  |TAMS 0x0000000084e00000, 0x0000000084e00000| Untracked 
|  79|0x0000000084f00000, 0x0000000085000000, 0x0000000085000000|100%| O|  |TAMS 0x0000000084f00000, 0x0000000084f00000| Untracked 
|  80|0x0000000085000000, 0x0000000085100000, 0x0000000085100000|100%| O|  |TAMS 0x0000000085000000, 0x0000000085000000| Untracked 
|  81|0x0000000085100000, 0x0000000085200000, 0x0000000085200000|100%| O|  |TAMS 0x0000000085100000, 0x0000000085100000| Untracked 
|  82|0x0000000085200000, 0x0000000085300000, 0x0000000085300000|100%| O|  |TAMS 0x0000000085200000, 0x0000000085200000| Untracked 
|  83|0x0000000085300000, 0x00000000853ea800, 0x0000000085400000| 91%| O|  |TAMS 0x0000000085300000, 0x0000000085300000| Untracked 
|  84|0x0000000085400000, 0x0000000085400000, 0x0000000085500000|  0%| F|  |TAMS 0x0000000085400000, 0x0000000085400000| Untracked 
|  85|0x0000000085500000, 0x0000000085500000, 0x0000000085600000|  0%| F|  |TAMS 0x0000000085500000, 0x0000000085500000| Untracked 
|  86|0x0000000085600000, 0x0000000085600000, 0x0000000085700000|  0%| F|  |TAMS 0x0000000085600000, 0x0000000085600000| Untracked 
|  87|0x0000000085700000, 0x0000000085700000, 0x0000000085800000|  0%| F|  |TAMS 0x0000000085700000, 0x0000000085700000| Untracked 
|  88|0x0000000085800000, 0x0000000085800000, 0x0000000085900000|  0%| F|  |TAMS 0x0000000085800000, 0x0000000085800000| Untracked 
|  89|0x0000000085900000, 0x0000000085900000, 0x0000000085a00000|  0%| F|  |TAMS 0x0000000085900000, 0x0000000085900000| Untracked 
|  90|0x0000000085a00000, 0x0000000085a00000, 0x0000000085b00000|  0%| F|  |TAMS 0x0000000085a00000, 0x0000000085a00000| Untracked 
|  91|0x0000000085b00000, 0x0000000085b00000, 0x0000000085c00000|  0%| F|  |TAMS 0x0000000085b00000, 0x0000000085b00000| Untracked 
|  92|0x0000000085c00000, 0x0000000085c00000, 0x0000000085d00000|  0%| F|  |TAMS 0x0000000085c00000, 0x0000000085c00000| Untracked 
|  93|0x0000000085d00000, 0x0000000085d00000, 0x0000000085e00000|  0%| F|  |TAMS 0x0000000085d00000, 0x0000000085d00000| Untracked 
|  94|0x0000000085e00000, 0x0000000085e00000, 0x0000000085f00000|  0%| F|  |TAMS 0x0000000085e00000, 0x0000000085e00000| Untracked 
|  95|0x0000000085f00000, 0x0000000085f00000, 0x0000000086000000|  0%| F|  |TAMS 0x0000000085f00000, 0x0000000085f00000| Untracked 
|  96|0x0000000086000000, 0x0000000086000000, 0x0000000086100000|  0%| F|  |TAMS 0x0000000086000000, 0x0000000086000000| Untracked 
|  97|0x0000000086100000, 0x0000000086100000, 0x0000000086200000|  0%| F|  |TAMS 0x0000000086100000, 0x0000000086100000| Untracked 
|  98|0x0000000086200000, 0x0000000086200000, 0x0000000086300000|  0%| F|  |TAMS 0x0000000086200000, 0x0000000086200000| Untracked 
|  99|0x0000000086300000, 0x0000000086300000, 0x0000000086400000|  0%| F|  |TAMS 0x0000000086300000, 0x0000000086300000| Untracked 
| 100|0x0000000086400000, 0x0000000086400000, 0x0000000086500000|  0%| F|  |TAMS 0x0000000086400000, 0x0000000086400000| Untracked 
| 101|0x0000000086500000, 0x0000000086500000, 0x0000000086600000|  0%| F|  |TAMS 0x0000000086500000, 0x0000000086500000| Untracked 
| 102|0x0000000086600000, 0x00000000866fa300, 0x0000000086700000| 97%| S|CS|TAMS 0x0000000086600000, 0x0000000086600000| Complete 
| 103|0x0000000086700000, 0x0000000086800000, 0x0000000086800000|100%| S|CS|TAMS 0x0000000086700000, 0x0000000086700000| Complete 
| 104|0x0000000086800000, 0x0000000086900000, 0x0000000086900000|100%| S|CS|TAMS 0x0000000086800000, 0x0000000086800000| Complete 
| 105|0x0000000086900000, 0x0000000086a00000, 0x0000000086a00000|100%| S|CS|TAMS 0x0000000086900000, 0x0000000086900000| Complete 
| 106|0x0000000086a00000, 0x0000000086a00000, 0x0000000086b00000|  0%| F|  |TAMS 0x0000000086a00000, 0x0000000086a00000| Untracked 
| 107|0x0000000086b00000, 0x0000000086b00000, 0x0000000086c00000|  0%| F|  |TAMS 0x0000000086b00000, 0x0000000086b00000| Untracked 
| 108|0x0000000086c00000, 0x0000000086c00000, 0x0000000086d00000|  0%| F|  |TAMS 0x0000000086c00000, 0x0000000086c00000| Untracked 
| 109|0x0000000086d00000, 0x0000000086d00000, 0x0000000086e00000|  0%| F|  |TAMS 0x0000000086d00000, 0x0000000086d00000| Untracked 
| 110|0x0000000086e00000, 0x0000000086e00000, 0x0000000086f00000|  0%| F|  |TAMS 0x0000000086e00000, 0x0000000086e00000| Untracked 
| 111|0x0000000086f00000, 0x0000000086f00000, 0x0000000087000000|  0%| F|  |TAMS 0x0000000086f00000, 0x0000000086f00000| Untracked 
| 112|0x0000000087000000, 0x0000000087000000, 0x0000000087100000|  0%| F|  |TAMS 0x0000000087000000, 0x0000000087000000| Untracked 
| 113|0x0000000087100000, 0x0000000087100000, 0x0000000087200000|  0%| F|  |TAMS 0x0000000087100000, 0x0000000087100000| Untracked 
| 114|0x0000000087200000, 0x0000000087200000, 0x0000000087300000|  0%| F|  |TAMS 0x0000000087200000, 0x0000000087200000| Untracked 
| 115|0x0000000087300000, 0x0000000087300000, 0x0000000087400000|  0%| F|  |TAMS 0x0000000087300000, 0x0000000087300000| Untracked 
| 116|0x0000000087400000, 0x0000000087400000, 0x0000000087500000|  0%| F|  |TAMS 0x0000000087400000, 0x0000000087400000| Untracked 
| 117|0x0000000087500000, 0x0000000087500000, 0x0000000087600000|  0%| F|  |TAMS 0x0000000087500000, 0x0000000087500000| Untracked 
| 118|0x0000000087600000, 0x0000000087600000, 0x0000000087700000|  0%| F|  |TAMS 0x0000000087600000, 0x0000000087600000| Untracked 
| 119|0x0000000087700000, 0x0000000087700000, 0x0000000087800000|  0%| F|  |TAMS 0x0000000087700000, 0x0000000087700000| Untracked 
| 120|0x0000000087800000, 0x0000000087900000, 0x0000000087900000|100%| E|  |TAMS 0x0000000087800000, 0x0000000087800000| Complete 
| 121|0x0000000087900000, 0x0000000087a00000, 0x0000000087a00000|100%| E|CS|TAMS 0x0000000087900000, 0x0000000087900000| Complete 
| 122|0x0000000087a00000, 0x0000000087b00000, 0x0000000087b00000|100%| E|CS|TAMS 0x0000000087a00000, 0x0000000087a00000| Complete 
| 123|0x0000000087b00000, 0x0000000087c00000, 0x0000000087c00000|100%| E|CS|TAMS 0x0000000087b00000, 0x0000000087b00000| Complete 
| 124|0x0000000087c00000, 0x0000000087d00000, 0x0000000087d00000|100%| E|  |TAMS 0x0000000087c00000, 0x0000000087c00000| Complete 
| 125|0x0000000087d00000, 0x0000000087e00000, 0x0000000087e00000|100%| E|CS|TAMS 0x0000000087d00000, 0x0000000087d00000| Complete 
| 126|0x0000000087e00000, 0x0000000087f00000, 0x0000000087f00000|100%| E|CS|TAMS 0x0000000087e00000, 0x0000000087e00000| Complete 
| 127|0x0000000087f00000, 0x0000000088000000, 0x0000000088000000|100%| E|CS|TAMS 0x0000000087f00000, 0x0000000087f00000| Complete 
| 128|0x0000000088000000, 0x0000000088100000, 0x0000000088100000|100%| E|CS|TAMS 0x0000000088000000, 0x0000000088000000| Complete 
| 129|0x0000000088100000, 0x0000000088200000, 0x0000000088200000|100%| E|CS|TAMS 0x0000000088100000, 0x0000000088100000| Complete 
| 130|0x0000000088200000, 0x0000000088300000, 0x0000000088300000|100%| E|CS|TAMS 0x0000000088200000, 0x0000000088200000| Complete 
| 131|0x0000000088300000, 0x0000000088400000, 0x0000000088400000|100%| E|CS|TAMS 0x0000000088300000, 0x0000000088300000| Complete 
| 132|0x0000000088400000, 0x0000000088500000, 0x0000000088500000|100%| E|CS|TAMS 0x0000000088400000, 0x0000000088400000| Complete 
| 133|0x0000000088500000, 0x0000000088600000, 0x0000000088600000|100%| E|CS|TAMS 0x0000000088500000, 0x0000000088500000| Complete 
| 169|0x000000008a900000, 0x000000008aa00000, 0x000000008aa00000|100%| E|CS|TAMS 0x000000008a900000, 0x000000008a900000| Complete 
| 170|0x000000008aa00000, 0x000000008ab00000, 0x000000008ab00000|100%| E|CS|TAMS 0x000000008aa00000, 0x000000008aa00000| Complete 
| 171|0x000000008ab00000, 0x000000008ac00000, 0x000000008ac00000|100%| E|CS|TAMS 0x000000008ab00000, 0x000000008ab00000| Complete 
| 172|0x000000008ac00000, 0x000000008ad00000, 0x000000008ad00000|100%| E|CS|TAMS 0x000000008ac00000, 0x000000008ac00000| Complete 
| 223|0x000000008df00000, 0x000000008e000000, 0x000000008e000000|100%| E|CS|TAMS 0x000000008df00000, 0x000000008df00000| Complete 

Card table byte_map: [0x000001f639930000,0x000001f639d30000] _byte_map_base: 0x000001f639530000

Marking Bits (Prev, Next): (CMBitMap*) 0x000001f622686700, (CMBitMap*) 0x000001f622686740
 Prev Bits: [0x000001f63a130000, 0x000001f63c130000)
 Next Bits: [0x000001f63c130000, 0x000001f63e130000)

Polling page: 0x000001f620d80000

Metaspace:

Usage:
  Non-class:     67.46 MB used.
      Class:     11.14 MB used.
       Both:     78.60 MB used.

Virtual space:
  Non-class space:       72.00 MB reserved,      67.94 MB ( 94%) committed,  9 nodes.
      Class space:      412.00 MB reserved,      11.56 MB (  3%) committed,  1 nodes.
             Both:      484.00 MB reserved,      79.50 MB ( 16%) committed. 

Chunk freelists:
   Non-Class:  3.72 MB
       Class:  304.00 KB
        Both:  4.02 MB

MaxMetaspaceSize: 512.00 MB
CompressedClassSpaceSize: 412.00 MB
Initial GC threshold: 21.00 MB
Current GC threshold: 126.56 MB
CDS: on
MetaspaceReclaimPolicy: balanced
 - commit_granule_bytes: 65536.
 - commit_granule_words: 8192.
 - virtual_space_node_default_size: 1048576.
 - enlarge_chunks_in_place: 1.
 - new_chunks_are_fully_committed: 0.
 - uncommit_free_chunks: 1.
 - use_allocation_guard: 0.
 - handle_deallocations: 1.


Internal statistics:

num_allocs_failed_limit: 6.
num_arena_births: 1170.
num_arena_deaths: 2.
num_vsnodes_births: 10.
num_vsnodes_deaths: 0.
num_space_committed: 1272.
num_space_uncommitted: 0.
num_chunks_returned_to_freelist: 12.
num_chunks_taken_from_freelist: 4692.
num_chunk_merges: 3.
num_chunk_splits: 3015.
num_chunks_enlarged: 1963.
num_purges: 2.
num_inconsistent_stats: 0.

CodeHeap 'non-profiled nmethods': size=120000Kb used=6159Kb max_used=6159Kb free=113841Kb
 bounds [0x000001f6319e0000, 0x000001f631ff0000, 0x000001f638f10000]
CodeHeap 'profiled nmethods': size=120000Kb used=18230Kb max_used=18230Kb free=101769Kb
 bounds [0x000001f62a4b0000, 0x000001f62b680000, 0x000001f6319e0000]
CodeHeap 'non-nmethods': size=5760Kb used=2400Kb max_used=2446Kb free=3359Kb
 bounds [0x000001f629f10000, 0x000001f62a180000, 0x000001f62a4b0000]
 total_blobs=10625 nmethods=9695 adapters=839
 compilation: enabled
              stopped_count=0, restarted_count=0
 full_count=0

Compilation events (20 events):
Event: 32.071 Thread 0x000001f640727680 nmethod 11247 0x000001f62b678010 code [0x000001f62b6781c0, 0x000001f62b6783e8]
Event: 32.071 Thread 0x000001f640727680 11248       3       java.io.StringWriter::write (10 bytes)
Event: 32.071 Thread 0x000001f640727680 nmethod 11248 0x000001f62b678490 code [0x000001f62b678640, 0x000001f62b6788e8]
Event: 32.071 Thread 0x000001f640727680 11251   !   3       java.io.PrintWriter::write (58 bytes)
Event: 32.072 Thread 0x000001f640727680 nmethod 11251 0x000001f62b678a10 code [0x000001f62b678c20, 0x000001f62b679208]
Event: 32.072 Thread 0x000001f640727680 11252   !   3       java.io.PrintWriter::newLine (65 bytes)
Event: 32.072 Thread 0x000001f640727680 nmethod 11252 0x000001f62b679510 code [0x000001f62b679740, 0x000001f62b679e78]
Event: 32.072 Thread 0x000001f640727680 11253       3       java.lang.StackTraceElement::isNativeMethod (15 bytes)
Event: 32.073 Thread 0x000001f640727680 nmethod 11253 0x000001f62b67a210 code [0x000001f62b67a3a0, 0x000001f62b67a518]
Event: 32.073 Thread 0x000001f640727680 11249       3       java.lang.StackTraceElement::dropClassLoaderName (16 bytes)
Event: 32.073 Thread 0x000001f640727680 nmethod 11249 0x000001f62b67a590 code [0x000001f62b67a720, 0x000001f62b67a898]
Event: 32.073 Thread 0x000001f640727680 11243       3       jdk.internal.reflect.Label::<init> (16 bytes)
Event: 32.073 Thread 0x000001f640727680 nmethod 11243 0x000001f62b67a910 code [0x000001f62b67aae0, 0x000001f62b67aef8]
Event: 32.073 Thread 0x000001f640727680 11244       3       java.lang.ClassLoader::<init> (10 bytes)
Event: 32.074 Thread 0x000001f640727680 nmethod 11244 0x000001f62b67b090 code [0x000001f62b67b240, 0x000001f62b67b438]
Event: 32.074 Thread 0x000001f640727680 11257       3       java.io.ObjectOutputStream$BlockDataOutputStream::drain (45 bytes)
Event: 32.077 Thread 0x000001f640727680 nmethod 11257 0x000001f62b67b510 code [0x000001f62b67b6c0, 0x000001f62b67b998]
Event: 32.077 Thread 0x000001f640727680 11259       3       org.gradle.internal.serialize.AbstractEncoder$EncoderStream::write (11 bytes)
Event: 32.077 Thread 0x000001f646c62e90 11258 %     4       java.io.ObjectOutputStream$BlockDataOutputStream::writeBytes @ 95 (144 bytes)
Event: 32.077 Thread 0x000001f640727680 nmethod 11259 0x000001f62b67ba90 code [0x000001f62b67bc40, 0x000001f62b67be08]

GC Heap History (20 events):
Event: 22.190 GC heap before
{Heap before GC invocations=34 (full 0):
 garbage-first heap   total 126976K, used 93763K [0x0000000080000000, 0x0000000100000000)
  region size 1024K, 26 young (26624K), 4 survivors (4096K)
 Metaspace       used 69006K, committed 69696K, reserved 487424K
  class space    used 9770K, committed 10112K, reserved 421888K
}
Event: 22.193 GC heap after
{Heap after GC invocations=35 (full 0):
 garbage-first heap   total 126976K, used 71801K [0x0000000080000000, 0x0000000100000000)
  region size 1024K, 3 young (3072K), 3 survivors (3072K)
 Metaspace       used 69006K, committed 69696K, reserved 487424K
  class space    used 9770K, committed 10112K, reserved 421888K
}
Event: 23.001 GC heap before
{Heap before GC invocations=35 (full 0):
 garbage-first heap   total 126976K, used 101497K [0x0000000080000000, 0x0000000100000000)
  region size 1024K, 32 young (32768K), 3 survivors (3072K)
 Metaspace       used 70010K, committed 70720K, reserved 487424K
  class space    used 9913K, committed 10240K, reserved 421888K
}
Event: 23.005 GC heap after
{Heap after GC invocations=36 (full 0):
 garbage-first heap   total 126976K, used 74935K [0x0000000080000000, 0x0000000100000000)
  region size 1024K, 4 young (4096K), 4 survivors (4096K)
 Metaspace       used 70010K, committed 70720K, reserved 487424K
  class space    used 9913K, committed 10240K, reserved 421888K
}
Event: 24.270 GC heap before
{Heap before GC invocations=37 (full 0):
 garbage-first heap   total 130048K, used 101559K [0x0000000080000000, 0x0000000100000000)
  region size 1024K, 30 young (30720K), 4 survivors (4096K)
 Metaspace       used 70871K, committed 71680K, reserved 487424K
  class space    used 10034K, committed 10432K, reserved 421888K
}
Event: 24.276 GC heap after
{Heap after GC invocations=38 (full 0):
 garbage-first heap   total 130048K, used 77949K [0x0000000080000000, 0x0000000100000000)
  region size 1024K, 4 young (4096K), 4 survivors (4096K)
 Metaspace       used 70871K, committed 71680K, reserved 487424K
  class space    used 10034K, committed 10432K, reserved 421888K
}
Event: 24.306 GC heap before
{Heap before GC invocations=38 (full 0):
 garbage-first heap   total 130048K, used 79997K [0x0000000080000000, 0x0000000100000000)
  region size 1024K, 6 young (6144K), 4 survivors (4096K)
 Metaspace       used 70872K, committed 71680K, reserved 487424K
  class space    used 10034K, committed 10432K, reserved 421888K
}
Event: 24.310 GC heap after
{Heap after GC invocations=39 (full 0):
 garbage-first heap   total 130048K, used 77522K [0x0000000080000000, 0x0000000100000000)
  region size 1024K, 1 young (1024K), 1 survivors (1024K)
 Metaspace       used 70872K, committed 71680K, reserved 487424K
  class space    used 10034K, committed 10432K, reserved 421888K
}
Event: 25.338 GC heap before
{Heap before GC invocations=39 (full 0):
 garbage-first heap   total 130048K, used 105170K [0x0000000080000000, 0x0000000100000000)
  region size 1024K, 28 young (28672K), 1 survivors (1024K)
 Metaspace       used 72630K, committed 73408K, reserved 487424K
  class space    used 10289K, committed 10688K, reserved 421888K
}
Event: 25.342 GC heap after
{Heap after GC invocations=40 (full 0):
 garbage-first heap   total 130048K, used 79607K [0x0000000080000000, 0x0000000100000000)
  region size 1024K, 3 young (3072K), 3 survivors (3072K)
 Metaspace       used 72630K, committed 73408K, reserved 487424K
  class space    used 10289K, committed 10688K, reserved 421888K
}
Event: 26.351 GC heap before
{Heap before GC invocations=40 (full 0):
 garbage-first heap   total 130048K, used 106231K [0x0000000080000000, 0x0000000100000000)
  region size 1024K, 29 young (29696K), 3 survivors (3072K)
 Metaspace       used 74632K, committed 75456K, reserved 487424K
  class space    used 10572K, committed 10944K, reserved 421888K
}
Event: 26.356 GC heap after
{Heap after GC invocations=41 (full 0):
 garbage-first heap   total 130048K, used 81743K [0x0000000080000000, 0x0000000100000000)
  region size 1024K, 3 young (3072K), 3 survivors (3072K)
 Metaspace       used 74632K, committed 75456K, reserved 487424K
  class space    used 10572K, committed 10944K, reserved 421888K
}
Event: 28.763 GC heap before
{Heap before GC invocations=41 (full 0):
 garbage-first heap   total 130048K, used 105295K [0x0000000080000000, 0x0000000100000000)
  region size 1024K, 27 young (27648K), 3 survivors (3072K)
 Metaspace       used 76877K, committed 77760K, reserved 495616K
  class space    used 10966K, committed 11392K, reserved 421888K
}
Event: 28.769 GC heap after
{Heap after GC invocations=42 (full 0):
 garbage-first heap   total 130048K, used 83968K [0x0000000080000000, 0x0000000100000000)
  region size 1024K, 4 young (4096K), 4 survivors (4096K)
 Metaspace       used 76877K, committed 77760K, reserved 495616K
  class space    used 10966K, committed 11392K, reserved 421888K
}
Event: 29.386 GC heap before
{Heap before GC invocations=43 (full 0):
 garbage-first heap   total 142336K, used 106496K [0x0000000080000000, 0x0000000100000000)
  region size 1024K, 27 young (27648K), 4 survivors (4096K)
 Metaspace       used 78695K, committed 79552K, reserved 495616K
  class space    used 11166K, committed 11584K, reserved 421888K
}
Event: 29.392 GC heap after
{Heap after GC invocations=44 (full 0):
 garbage-first heap   total 142336K, used 85505K [0x0000000080000000, 0x0000000100000000)
  region size 1024K, 2 young (2048K), 2 survivors (2048K)
 Metaspace       used 78695K, committed 79552K, reserved 495616K
  class space    used 11166K, committed 11584K, reserved 421888K
}
Event: 29.477 GC heap before
{Heap before GC invocations=44 (full 0):
 garbage-first heap   total 142336K, used 89601K [0x0000000080000000, 0x0000000100000000)
  region size 1024K, 6 young (6144K), 2 survivors (2048K)
 Metaspace       used 78939K, committed 79744K, reserved 495616K
  class space    used 11198K, committed 11584K, reserved 421888K
}
Event: 29.480 GC heap after
{Heap after GC invocations=45 (full 0):
 garbage-first heap   total 142336K, used 84359K [0x0000000080000000, 0x0000000100000000)
  region size 1024K, 1 young (1024K), 1 survivors (1024K)
 Metaspace       used 78939K, committed 79744K, reserved 495616K
  class space    used 11198K, committed 11584K, reserved 421888K
}
Event: 30.992 GC heap before
{Heap before GC invocations=45 (full 0):
 garbage-first heap   total 142336K, used 116103K [0x0000000080000000, 0x0000000100000000)
  region size 1024K, 33 young (33792K), 1 survivors (1024K)
 Metaspace       used 80136K, committed 80960K, reserved 495616K
  class space    used 11358K, committed 11776K, reserved 421888K
}
Event: 30.997 GC heap after
{Heap after GC invocations=46 (full 0):
 garbage-first heap   total 142336K, used 87954K [0x0000000080000000, 0x0000000100000000)
  region size 1024K, 4 young (4096K), 4 survivors (4096K)
 Metaspace       used 80136K, committed 80960K, reserved 495616K
  class space    used 11358K, committed 11776K, reserved 421888K
}

Deoptimization events (20 events):
Event: 32.067 Thread 0x000001f642bbd8e0 Uncommon trap: trap_request=0xffffff45 fr.pc=0x000001f631e400c4 relative=0x0000000000000ae4
Event: 32.067 Thread 0x000001f642bbd8e0 Uncommon trap: reason=unstable_if action=reinterpret pc=0x000001f631e400c4 method=java.io.ObjectOutputStream$BlockDataOutputStream.writeBytes(Ljava/lang/String;)V @ 22 c2
Event: 32.067 Thread 0x000001f642bbd8e0 DEOPT PACKING pc=0x000001f631e400c4 sp=0x000000071fafdd90
Event: 32.067 Thread 0x000001f642bbd8e0 DEOPT UNPACKING pc=0x000001f629f623a3 sp=0x000000071fafdc30 mode 2
Event: 32.067 Thread 0x000001f642bbd8e0 Uncommon trap: trap_request=0xffffff45 fr.pc=0x000001f631d9cd04 relative=0x00000000000005c4
Event: 32.067 Thread 0x000001f642bbd8e0 Uncommon trap: reason=unstable_if action=reinterpret pc=0x000001f631d9cd04 method=java.io.ObjectOutputStream$BlockDataOutputStream.writeBytes(Ljava/lang/String;)V @ 22 c2
Event: 32.067 Thread 0x000001f642bbd8e0 DEOPT PACKING pc=0x000001f631d9cd04 sp=0x000000071fafdf20
Event: 32.067 Thread 0x000001f642bbd8e0 DEOPT UNPACKING pc=0x000001f629f623a3 sp=0x000000071fafde50 mode 2
Event: 32.067 Thread 0x000001f642bbd8e0 Uncommon trap: trap_request=0xffffff45 fr.pc=0x000001f631d9e50c relative=0x00000000000005cc
Event: 32.067 Thread 0x000001f642bbd8e0 Uncommon trap: reason=unstable_if action=reinterpret pc=0x000001f631d9e50c method=com.esotericsoftware.kryo.io.Output.writeBytes([BII)V @ 61 c2
Event: 32.067 Thread 0x000001f642bbd8e0 DEOPT PACKING pc=0x000001f631d9e50c sp=0x000000071fafddf0
Event: 32.067 Thread 0x000001f642bbd8e0 DEOPT UNPACKING pc=0x000001f629f623a3 sp=0x000000071fafdc80 mode 2
Event: 32.067 Thread 0x000001f642bbd8e0 Uncommon trap: trap_request=0xffffff45 fr.pc=0x000001f631d0c628 relative=0x0000000000000488
Event: 32.068 Thread 0x000001f642bbd8e0 Uncommon trap: reason=unstable_if action=reinterpret pc=0x000001f631d0c628 method=java.io.ObjectOutputStream$BlockDataOutputStream.writeBytes(Ljava/lang/String;)V @ 22 c2
Event: 32.068 Thread 0x000001f642bbd8e0 DEOPT PACKING pc=0x000001f631d0c628 sp=0x000000071fafe0f0
Event: 32.068 Thread 0x000001f642bbd8e0 DEOPT UNPACKING pc=0x000001f629f623a3 sp=0x000000071fafe088 mode 2
Event: 32.068 Thread 0x000001f642bbd8e0 Uncommon trap: trap_request=0xffffff45 fr.pc=0x000001f631daf4e8 relative=0x0000000000000148
Event: 32.068 Thread 0x000001f642bbd8e0 Uncommon trap: reason=unstable_if action=reinterpret pc=0x000001f631daf4e8 method=com.esotericsoftware.kryo.io.Output.writeBytes([BII)V @ 61 c2
Event: 32.068 Thread 0x000001f642bbd8e0 DEOPT PACKING pc=0x000001f631daf4e8 sp=0x000000071fafe200
Event: 32.068 Thread 0x000001f642bbd8e0 DEOPT UNPACKING pc=0x000001f629f623a3 sp=0x000000071fafe0e8 mode 2

Classes unloaded (5 events):
Event: 14.586 Thread 0x000001f6406fcd70 Unloading class 0x0000000801180918 '_BuildScript_$_run_closure1$_closure2'
Event: 14.586 Thread 0x000001f6406fcd70 Unloading class 0x0000000801180530 '_BuildScript_$_run_closure1'
Event: 14.586 Thread 0x000001f6406fcd70 Unloading class 0x0000000801180000 '_BuildScript_'
Event: 14.586 Thread 0x000001f6406fcd70 Unloading class 0x0000000801178ab0 'GradleAnnotationProcessorPatchPlugin$AnnotationProcessorModelBuilder'
Event: 14.586 Thread 0x000001f6406fcd70 Unloading class 0x0000000801178800 'GradleAnnotationProcessorPatchPlugin'

Classes redefined (0 events):
No events

Internal exceptions (20 events):
Event: 31.983 Thread 0x000001f64234d0a0 Exception <a 'java/lang/ClassNotFoundException'{0x00000000880c6338}: org/gradle/api/internal/provider/DefaultProviderFactoryBeanInfo> (0x00000000880c6338) 
thrown [t:\workspace\open\src\hotspot\share\classfile\systemDictionary.cpp, line 256]
Event: 31.986 Thread 0x000001f64234d0a0 Exception <a 'java/lang/ClassNotFoundException'{0x00000000880d6e68}: org/gradle/api/internal/provider/DefaultProviderFactoryCustomizer> (0x00000000880d6e68) 
thrown [t:\workspace\open\src\hotspot\share\classfile\systemDictionary.cpp, line 256]
Event: 31.988 Thread 0x000001f64234d0a0 Exception <a 'java/lang/ClassNotFoundException'{0x0000000087f0c2e8}: org/gradle/api/internal/provider/DefaultProviderFactory_DecoratedCustomizer> (0x0000000087f0c2e8) 
thrown [t:\workspace\open\src\hotspot\share\classfile\systemDictionary.cpp, line 256]
Event: 32.010 Thread 0x000001f64234d0a0 Exception <a 'java/lang/ClassNotFoundException'{0x0000000087e34600}: org/gradle/api/internal/provider/sources/process/ProviderCompatibleExecSpec_DecoratedBeanInfo> (0x0000000087e34600) 
thrown [t:\workspace\open\src\hotspot\share\classfile\systemDictionary.cpp, line 256]
Event: 32.011 Thread 0x000001f64234d0a0 Exception <a 'java/lang/ClassNotFoundException'{0x0000000087e475f0}: org/gradle/api/internal/provider/sources/process/ProviderCompatibleExecSpecBeanInfo> (0x0000000087e475f0) 
thrown [t:\workspace\open\src\hotspot\share\classfile\systemDictionary.cpp, line 256]
Event: 32.012 Thread 0x000001f64234d0a0 Exception <a 'java/lang/ClassNotFoundException'{0x0000000087e5a9a0}: org/gradle/api/internal/provider/sources/process/ProviderCompatibleBaseExecSpecBeanInfo> (0x0000000087e5a9a0) 
thrown [t:\workspace\open\src\hotspot\share\classfile\systemDictionary.cpp, line 256]
Event: 32.013 Thread 0x000001f64234d0a0 Exception <a 'java/lang/ClassNotFoundException'{0x0000000087e6db10}: org/gradle/api/internal/provider/sources/process/ProviderCompatibleBaseExecSpecCustomizer> (0x0000000087e6db10) 
thrown [t:\workspace\open\src\hotspot\share\classfile\systemDictionary.cpp, line 256]
Event: 32.014 Thread 0x000001f64234d0a0 Exception <a 'java/lang/ClassNotFoundException'{0x0000000087e91d08}: org/gradle/api/internal/provider/sources/process/ProviderCompatibleExecSpecCustomizer> (0x0000000087e91d08) 
thrown [t:\workspace\open\src\hotspot\share\classfile\systemDictionary.cpp, line 256]
Event: 32.016 Thread 0x000001f64234d0a0 Exception <a 'java/lang/ClassNotFoundException'{0x0000000087ebc038}: org/gradle/api/internal/provider/sources/process/ProviderCompatibleExecSpec_DecoratedCustomizer> (0x0000000087ebc038) 
thrown [t:\workspace\open\src\hotspot\share\classfile\systemDictionary.cpp, line 256]
Event: 32.020 Thread 0x000001f64234d0a0 Exception <a 'java/lang/ClassNotFoundException'{0x0000000087d0cb60}: org/gradle/api/internal/provider/sources/process/DefaultExecOutputBeanInfo> (0x0000000087d0cb60) 
thrown [t:\workspace\open\src\hotspot\share\classfile\systemDictionary.cpp, line 256]
Event: 32.020 Thread 0x000001f64234d0a0 Exception <a 'java/lang/ClassNotFoundException'{0x0000000087d1dbf0}: org/gradle/api/internal/provider/sources/process/DefaultExecOutputCustomizer> (0x0000000087d1dbf0) 
thrown [t:\workspace\open\src\hotspot\share\classfile\systemDictionary.cpp, line 256]
Event: 32.025 Thread 0x000001f64234d0a0 Exception <a 'java/lang/ClassNotFoundException'{0x0000000087d52f50}: org/gradle/api/internal/provider/sources/process/DefaultExecOutput$DefaultStandardStreamContentBeanInfo> (0x0000000087d52f50) 
thrown [t:\workspace\open\src\hotspot\share\classfile\systemDictionary.cpp, line 256]
Event: 32.027 Thread 0x000001f64234d0a0 Exception <a 'java/lang/ClassNotFoundException'{0x0000000087d64758}: org/gradle/api/internal/provider/sources/process/DefaultExecOutput$DefaultStandardStreamContentCustomizer> (0x0000000087d64758) 
thrown [t:\workspace\open\src\hotspot\share\classfile\systemDictionary.cpp, line 256]
Event: 32.033 Thread 0x000001f64234d0a0 Exception <a 'java/lang/ClassNotFoundException'{0x0000000087d9fd38}: org/gradle/api/internal/provider/TransformBackedProviderBeanInfo> (0x0000000087d9fd38) 
thrown [t:\workspace\open\src\hotspot\share\classfile\systemDictionary.cpp, line 256]
Event: 32.034 Thread 0x000001f64234d0a0 Exception <a 'java/lang/ClassNotFoundException'{0x0000000087db0840}: org/gradle/api/internal/provider/AbstractMinimalProviderBeanInfo> (0x0000000087db0840) 
thrown [t:\workspace\open\src\hotspot\share\classfile\systemDictionary.cpp, line 256]
Event: 32.035 Thread 0x000001f64234d0a0 Exception <a 'java/lang/ClassNotFoundException'{0x0000000087dc1368}: org/gradle/api/internal/provider/AbstractMinimalProviderCustomizer> (0x0000000087dc1368) 
thrown [t:\workspace\open\src\hotspot\share\classfile\systemDictionary.cpp, line 256]
Event: 32.036 Thread 0x000001f64234d0a0 Exception <a 'java/lang/ClassNotFoundException'{0x0000000087dec4a8}: org/gradle/api/internal/provider/TransformBackedProviderCustomizer> (0x0000000087dec4a8) 
thrown [t:\workspace\open\src\hotspot\share\classfile\systemDictionary.cpp, line 256]
Event: 32.056 Thread 0x000001f6436410a0 Exception <a 'java/io/IOException'{0x0000000087c9ad60}: CreateProcess error=1455, The paging file is too small for this operation to complete> (0x0000000087c9ad60) 
thrown [t:\workspace\open\src\hotspot\share\prims\jni.cpp, line 535]
Event: 32.065 Thread 0x000001f642bbd8e0 Exception <a 'java/lang/NoSuchMethodError'{0x0000000087b5bcb0}: static Lorg/gradle/internal/build/event/types/DefaultFailureResult;.<clinit>()V> (0x0000000087b5bcb0) 
thrown [t:\workspace\open\src\hotspot\share\prims\jni.cpp, line 1107]
Event: 32.067 Thread 0x000001f642bbd8e0 Exception <a 'java/lang/NoSuchMethodError'{0x0000000087a50c78}: static Lorg/gradle/internal/build/event/types/DefaultFailure;.<clinit>()V> (0x0000000087a50c78) 
thrown [t:\workspace\open\src\hotspot\share\prims\jni.cpp, line 1107]

VM Operations (20 events):
Event: 28.749 Executing VM operation: ICBufferFull
Event: 28.749 Executing VM operation: ICBufferFull done
Event: 28.763 Executing VM operation: G1CollectForAllocation
Event: 28.769 Executing VM operation: G1CollectForAllocation done
Event: 28.870 Executing VM operation: G1Concurrent
Event: 28.876 Executing VM operation: G1Concurrent done
Event: 28.914 Executing VM operation: G1Concurrent
Event: 28.915 Executing VM operation: G1Concurrent done
Event: 29.386 Executing VM operation: G1CollectForAllocation
Event: 29.392 Executing VM operation: G1CollectForAllocation done
Event: 29.477 Executing VM operation: G1CollectForAllocation
Event: 29.480 Executing VM operation: G1CollectForAllocation done
Event: 29.567 Executing VM operation: ICBufferFull
Event: 29.567 Executing VM operation: ICBufferFull done
Event: 30.526 Executing VM operation: ICBufferFull
Event: 30.526 Executing VM operation: ICBufferFull done
Event: 30.992 Executing VM operation: G1CollectForAllocation
Event: 30.997 Executing VM operation: G1CollectForAllocation done
Event: 32.008 Executing VM operation: Cleanup
Event: 32.009 Executing VM operation: Cleanup done

Events (20 events):
Event: 30.558 loading class java/lang/ProcessBuilder$Redirect$5 done
Event: 30.558 loading class java/lang/ProcessBuilder$Redirect$Type
Event: 30.558 loading class java/lang/ProcessBuilder$Redirect$Type done
Event: 30.834 loading class java/util/Currency
Event: 30.834 loading class java/util/Currency done
Event: 30.865 loading class java/util/concurrent/atomic/AtomicLongArray
Event: 30.865 loading class java/util/concurrent/atomic/AtomicLongArray done
Event: 30.983 loading class java/util/AbstractMap$2
Event: 30.983 loading class java/util/AbstractMap$2 done
Event: 30.983 loading class java/util/AbstractMap$2$1
Event: 30.983 loading class java/util/AbstractMap$2$1 done
Event: 32.027 loading class sun/reflect/generics/tree/ByteSignature
Event: 32.027 loading class sun/reflect/generics/tree/ByteSignature done
Event: 32.061 loading class java/lang/Throwable$WrappedPrintWriter
Event: 32.061 loading class java/lang/Throwable$PrintStreamOrWriter
Event: 32.061 loading class java/lang/Throwable$PrintStreamOrWriter done
Event: 32.061 loading class java/lang/Throwable$WrappedPrintWriter done
Event: 32.062 loading class java/lang/StackTraceElement$HashedModules
Event: 32.062 loading class java/lang/StackTraceElement$HashedModules done
Event: 32.077 Thread 0x000001f646c62e90 Thread added: 0x000001f646c62e90


Dynamic libraries:
0x00007ff70d0c0000 - 0x00007ff70d0d0000 	C:\Program Files\Java\jdk-17.0.1\bin\java.exe
0x00007ffc01260000 - 0x00007ffc014c3000 	C:\WINDOWS\SYSTEM32\ntdll.dll
0x00007ffbffb70000 - 0x00007ffbffc38000 	C:\WINDOWS\System32\KERNEL32.DLL
0x00007ffbfe630000 - 0x00007ffbfe9e2000 	C:\WINDOWS\System32\KERNELBASE.dll
0x00007ffbfe9f0000 - 0x00007ffbfeb3b000 	C:\WINDOWS\System32\ucrtbase.dll
0x00007ffbf8150000 - 0x00007ffbf8168000 	C:\Program Files\Java\jdk-17.0.1\bin\jli.dll
0x00007ffbf0e30000 - 0x00007ffbf0e4a000 	C:\Program Files\Java\jdk-17.0.1\bin\VCRUNTIME140.dll
0x00007ffbffc80000 - 0x00007ffbffd34000 	C:\WINDOWS\System32\ADVAPI32.dll
0x00007ffbff180000 - 0x00007ffbff229000 	C:\WINDOWS\System32\msvcrt.dll
0x00007ffbff6c0000 - 0x00007ffbff766000 	C:\WINDOWS\System32\sechost.dll
0x00007ffbffa40000 - 0x00007ffbffb56000 	C:\WINDOWS\System32\RPCRT4.dll
0x00007ffc00fb0000 - 0x00007ffc01178000 	C:\WINDOWS\System32\USER32.dll
0x00007ffbfec80000 - 0x00007ffbfeca7000 	C:\WINDOWS\System32\win32u.dll
0x00007ffbffa10000 - 0x00007ffbffa3a000 	C:\WINDOWS\System32\GDI32.dll
0x00007ffbfed50000 - 0x00007ffbfee7b000 	C:\WINDOWS\System32\gdi32full.dll
0x00007ffbe7c50000 - 0x00007ffbe7ee0000 	C:\WINDOWS\WinSxS\amd64_microsoft.windows.common-controls_6595b64144ccf1df_6.0.26100.2454_none_3e0b68a2e331ad60\COMCTL32.dll
0x00007ffbfebd0000 - 0x00007ffbfec73000 	C:\WINDOWS\System32\msvcp_win.dll
0x00007ffbf6d60000 - 0x00007ffbf6d6b000 	C:\WINDOWS\SYSTEM32\VERSION.dll
0x00007ffbffc40000 - 0x00007ffbffc6f000 	C:\WINDOWS\System32\IMM32.DLL
0x00007ffbebe90000 - 0x00007ffbebe9c000 	C:\Program Files\Java\jdk-17.0.1\bin\vcruntime140_1.dll
0x00007ffba1ee0000 - 0x00007ffba1f6d000 	C:\Program Files\Java\jdk-17.0.1\bin\msvcp140.dll
0x00007ffb89d60000 - 0x00007ffb8a91e000 	C:\Program Files\Java\jdk-17.0.1\bin\server\jvm.dll
0x00007ffbffb60000 - 0x00007ffbffb68000 	C:\WINDOWS\System32\PSAPI.DLL
0x00007ffbe9170000 - 0x00007ffbe917a000 	C:\WINDOWS\SYSTEM32\WSOCK32.dll
0x00007ffbff0c0000 - 0x00007ffbff134000 	C:\WINDOWS\System32\WS2_32.dll
0x00007ffbf6d20000 - 0x00007ffbf6d56000 	C:\WINDOWS\SYSTEM32\WINMM.dll
0x00007ffbfd430000 - 0x00007ffbfd44a000 	C:\WINDOWS\SYSTEM32\kernel.appcore.dll
0x00007ffbebe80000 - 0x00007ffbebe8a000 	C:\Program Files\Java\jdk-17.0.1\bin\jimage.dll
0x00007ffbf2890000 - 0x00007ffbf2ad1000 	C:\WINDOWS\SYSTEM32\DBGHELP.DLL
0x00007ffbffd40000 - 0x00007ffc000be000 	C:\WINDOWS\System32\combase.dll
0x00007ffc000d0000 - 0x00007ffc001a6000 	C:\WINDOWS\System32\OLEAUT32.dll
0x00007ffbeba60000 - 0x00007ffbeba99000 	C:\WINDOWS\SYSTEM32\dbgcore.DLL
0x00007ffbfecb0000 - 0x00007ffbfed49000 	C:\WINDOWS\System32\bcryptPrimitives.dll
0x00007ffbd0ee0000 - 0x00007ffbd0eee000 	C:\Program Files\Java\jdk-17.0.1\bin\instrument.dll
0x00007ffbdbdf0000 - 0x00007ffbdbe15000 	C:\Program Files\Java\jdk-17.0.1\bin\java.dll
0x00007ffb89c80000 - 0x00007ffb89d56000 	C:\Program Files\Java\jdk-17.0.1\bin\svml.dll
0x00007ffc001b0000 - 0x00007ffc008b1000 	C:\WINDOWS\System32\SHELL32.dll
0x00007ffbfc320000 - 0x00007ffbfcb51000 	C:\WINDOWS\SYSTEM32\windows.storage.dll
0x00007ffc008c0000 - 0x00007ffc0099a000 	C:\WINDOWS\System32\SHCORE.dll
0x00007ffbff880000 - 0x00007ffbff8dd000 	C:\WINDOWS\System32\shlwapi.dll
0x00007ffbfe540000 - 0x00007ffbfe56e000 	C:\WINDOWS\SYSTEM32\profapi.dll
0x00007ffbd0e90000 - 0x00007ffbd0ea8000 	C:\Program Files\Java\jdk-17.0.1\bin\zip.dll
0x00007ffbe5d50000 - 0x00007ffbe5d69000 	C:\Program Files\Java\jdk-17.0.1\bin\net.dll
0x00007ffbf7e50000 - 0x00007ffbf7f76000 	C:\WINDOWS\SYSTEM32\WINHTTP.dll
0x00007ffbfd910000 - 0x00007ffbfd978000 	C:\WINDOWS\system32\mswsock.dll
0x00007ffbd0ef0000 - 0x00007ffbd0f05000 	C:\Program Files\Java\jdk-17.0.1\bin\nio.dll
0x00007ffbdbde0000 - 0x00007ffbdbdf0000 	C:\Program Files\Java\jdk-17.0.1\bin\verify.dll
0x00007ffbd0e60000 - 0x00007ffbd0e87000 	C:\Users\Rm\.gradle\native\c067742578af261105cb4f569cf0c3c89f3d7b1fecec35dd04571415982c5e48\windows-amd64\native-platform.dll
0x00007ffb89b30000 - 0x00007ffb89c74000 	C:\Users\Rm\.gradle\native\100fb08df4bc3b14c8652ba06237920a3bd2aa13389f12d3474272988ae205f9\windows-amd64\native-platform-file-events.dll
0x00007ffbd16f0000 - 0x00007ffbd16f9000 	C:\Program Files\Java\jdk-17.0.1\bin\management.dll
0x00007ffbd1480000 - 0x00007ffbd148b000 	C:\Program Files\Java\jdk-17.0.1\bin\management_ext.dll
0x00007ffbfdcc0000 - 0x00007ffbfdcdc000 	C:\WINDOWS\SYSTEM32\CRYPTSP.dll
0x00007ffbfd390000 - 0x00007ffbfd3c8000 	C:\WINDOWS\system32\rsaenh.dll
0x00007ffbfd9b0000 - 0x00007ffbfd9db000 	C:\WINDOWS\SYSTEM32\USERENV.dll
0x00007ffbfde50000 - 0x00007ffbfde76000 	C:\WINDOWS\SYSTEM32\bcrypt.dll
0x00007ffbfdb40000 - 0x00007ffbfdb4c000 	C:\WINDOWS\SYSTEM32\CRYPTBASE.dll
0x00007ffbfcf00000 - 0x00007ffbfcf32000 	C:\WINDOWS\SYSTEM32\IPHLPAPI.DLL
0x00007ffc01180000 - 0x00007ffc0118a000 	C:\WINDOWS\System32\NSI.dll
0x00007ffbf8010000 - 0x00007ffbf802e000 	C:\WINDOWS\SYSTEM32\dhcpcsvc6.DLL
0x00007ffbf7e20000 - 0x00007ffbf7e45000 	C:\WINDOWS\SYSTEM32\dhcpcsvc.DLL
0x00007ffbfcf40000 - 0x00007ffbfd065000 	C:\WINDOWS\SYSTEM32\DNSAPI.dll
0x00007ffbf1180000 - 0x00007ffbf118e000 	C:\Program Files\Java\jdk-17.0.1\bin\sunmscapi.dll
0x00007ffbfee80000 - 0x00007ffbfeff6000 	C:\WINDOWS\System32\CRYPT32.dll
0x00007ffbfde10000 - 0x00007ffbfde40000 	C:\WINDOWS\SYSTEM32\ncrypt.dll
0x00007ffbfddc0000 - 0x00007ffbfddff000 	C:\WINDOWS\SYSTEM32\NTASN1.dll
0x00007ffbd6220000 - 0x00007ffbd6228000 	C:\WINDOWS\system32\wshunix.dll
0x00007ffbdcb40000 - 0x00007ffbdcb58000 	C:\WINDOWS\system32\napinsp.dll
0x00007ffbc11b0000 - 0x00007ffbc11c2000 	C:\WINDOWS\System32\winrnr.dll
0x00007ffbdcbe0000 - 0x00007ffbdcc02000 	C:\WINDOWS\system32\nlansp_c.dll
0x00007ffbdcd20000 - 0x00007ffbdcd36000 	C:\WINDOWS\system32\wshbth.dll
0x00007ffbf21c0000 - 0x00007ffbf21cb000 	C:\Windows\System32\rasadhlp.dll
0x00007ffbf6f80000 - 0x00007ffbf7005000 	C:\WINDOWS\System32\fwpuclnt.dll
0x00007ffbfb370000 - 0x00007ffbfb40c000 	C:\WINDOWS\system32\apphelp.dll

dbghelp: loaded successfully - version: 4.0.5 - missing functions: none
symbol engine: initialized successfully - sym options: 0x614 - pdb path: .;C:\Program Files\Java\jdk-17.0.1\bin;C:\WINDOWS\SYSTEM32;C:\WINDOWS\WinSxS\amd64_microsoft.windows.common-controls_6595b64144ccf1df_6.0.26100.2454_none_3e0b68a2e331ad60;C:\Program Files\Java\jdk-17.0.1\bin\server;C:\Users\Rm\.gradle\native\c067742578af261105cb4f569cf0c3c89f3d7b1fecec35dd04571415982c5e48\windows-amd64;C:\Users\Rm\.gradle\native\100fb08df4bc3b14c8652ba06237920a3bd2aa13389f12d3474272988ae205f9\windows-amd64

VM Arguments:
jvm_args: -XX:MaxMetaspaceSize=512m --add-opens=java.base/java.util=ALL-UNNAMED --add-opens=java.base/java.lang=ALL-UNNAMED --add-opens=java.base/java.lang.invoke=ALL-UNNAMED --add-opens=java.prefs/java.util.prefs=ALL-UNNAMED --add-exports=jdk.compiler/com.sun.tools.javac.api=ALL-UNNAMED --add-exports=jdk.compiler/com.sun.tools.javac.util=ALL-UNNAMED --add-opens=java.base/java.nio.charset=ALL-UNNAMED --add-opens=java.base/java.net=ALL-UNNAMED --add-opens=java.base/java.util.concurrent.atomic=ALL-UNNAMED -Xmx2048m -Dfile.encoding=utf8 -Duser.country=PH -Duser.language=en -Duser.variant -javaagent:C:\Users\Rm\.gradle\wrapper\dists\gradle-8.10.2-all\7iv73wktx1xtkvlq19urqw1wm\gradle-8.10.2\lib\agents\gradle-instrumentation-agent-8.10.2.jar 
java_command: org.gradle.launcher.daemon.bootstrap.GradleDaemon 8.10.2
java_class_path (initial): C:\Users\Rm\.gradle\wrapper\dists\gradle-8.10.2-all\7iv73wktx1xtkvlq19urqw1wm\gradle-8.10.2\lib\gradle-daemon-main-8.10.2.jar
Launcher Type: SUN_STANDARD

[Global flags]
     intx CICompilerCount                          = 3                                         {product} {ergonomic}
   size_t CompressedClassSpaceSize                 = 432013312                                 {product} {ergonomic}
     uint ConcGCThreads                            = 1                                         {product} {ergonomic}
     uint G1ConcRefinementThreads                  = 4                                         {product} {ergonomic}
   size_t G1HeapRegionSize                         = 1048576                                   {product} {ergonomic}
    uintx GCDrainStackTargetSize                   = 64                                        {product} {ergonomic}
   size_t InitialHeapSize                          = 234881024                                 {product} {ergonomic}
   size_t MarkStackSize                            = 4194304                                   {product} {ergonomic}
   size_t MaxHeapSize                              = 2147483648                                {product} {command line}
   size_t MaxMetaspaceSize                         = 536870912                                 {product} {command line}
   size_t MaxNewSize                               = 1287651328                                {product} {ergonomic}
   size_t MinHeapDeltaBytes                        = 1048576                                   {product} {ergonomic}
   size_t MinHeapSize                              = 8388608                                   {product} {ergonomic}
    uintx NonNMethodCodeHeapSize                   = 5832780                                {pd product} {ergonomic}
    uintx NonProfiledCodeHeapSize                  = 122912730                              {pd product} {ergonomic}
    uintx ProfiledCodeHeapSize                     = 122912730                              {pd product} {ergonomic}
    uintx ReservedCodeCacheSize                    = 251658240                              {pd product} {ergonomic}
     bool SegmentedCodeCache                       = true                                      {product} {ergonomic}
   size_t SoftMaxHeapSize                          = 2147483648                             {manageable} {ergonomic}
     bool UseCompressedClassPointers               = true                           {product lp64_product} {ergonomic}
     bool UseCompressedOops                        = true                           {product lp64_product} {ergonomic}
     bool UseG1GC                                  = true                                      {product} {ergonomic}
     bool UseLargePagesIndividualAllocation        = false                                  {pd product} {ergonomic}

Logging:
Log output configuration:
 #0: stdout all=warning uptime,level,tags
 #1: stderr all=off uptime,level,tags

Environment Variables:
PATH=C:\Program Files\Common Files\Oracle\Java\javapath;C:\Program Files (x86)\Common Files\Oracle\Java\java8path;C:\Program Files (x86)\Common Files\Oracle\Java\javapath;C:\Python312\Scripts\;C:\Python312\;C:\WINDOWS\system32;C:\WINDOWS;C:\WINDOWS\System32\Wbem;C:\WINDOWS\System32\WindowsPowerShell\v1.0\;C:\WINDOWS\System32\OpenSSH\;C:\Program Files\nodejs\;C:\ProgramData\chocolatey\bin;C:\xampp\php;C:\ProgramData\ComposerSetup\bin;C:\Program Files\Docker\Docker\resources\bin;E:\Git\cmd;C:\Users\Rm\AppData\Local\Microsoft\WindowsApps;C:\Users\Rm\AppData\Local\Programs\Microsoft VS Code\bin;C:\Users\Rm\AppData\Roaming\npm;C:\Users\Rm\AppData\Roaming\Composer\vendor\bin;C:\Users\Rm\AppData\Local\Android\Sdk\platform-tools;C:\Users\Rm\AppData\Local\Android\Sdk\emulator;C:\ProgramData\chocolatey\lib\deno;C:\Users\Rm\.bun\bin;C:\Program Files\mosquitto;
USERNAME=Rm
OS=Windows_NT
PROCESSOR_IDENTIFIER=AMD64 Family 23 Model 24 Stepping 1, AuthenticAMD



---------------  S Y S T E M  ---------------

OS:
 Windows 10 , 64 bit Build 26100 (10.0.26100.2454)
OS uptime: 0 days 1:10 hours
Hyper-V role detected

CPU: total 4 (initial active 4) (4 cores per cpu, 1 threads per core) family 23 model 24 stepping 1 microcode 0x8108109, cx8, cmov, fxsr, mmx, 3dnowpref, sse, sse2, sse3, ssse3, sse4a, sse4.1, sse4.2, popcnt, lzcnt, tsc, tscinvbit, avx, avx2, aes, clmul, bmi1, bmi2, adx, sha, fma, vzeroupper, clflush, clflushopt, hv

Memory: 4k page, system-wide physical 14257M (1871M free)
TotalPageFile size 19767M (AvailPageFile size 13M)
current process WorkingSet (physical memory assigned to process): 372M, peak: 374M
current process commit charge ("private bytes"): 406M, peak: 408M

vm_info: Java HotSpot(TM) 64-Bit Server VM (17.0.1+12-LTS-39) for windows-amd64 JRE (17.0.1+12-LTS-39), built on Sep 27 2021 18:41:35 by "mach5one" with MS VC++ 16.8 (VS2019)

END.
